  Using 'git status' to determine working set for adaptive non-unity build (D:\mais_oui_mais_pingback\UnrealLearning).
  Parsing headers for FPSGameEditor
    Running UnrealHeaderTool "D:\mais_oui_mais_pingback\UnrealLearning\SimpleFPSTemplate-master\FPSGame.uproject" "D:\mais_oui_mais_pingback\UnrealLearning\SimpleFPSTemplate-master\Intermediate\Build\Win64\FPSGameEditor\Development\FPSGameEditor.uhtmanifest" -LogCmds="loginit warning, logexit warning, logdatabase error" -Unattended -WarningsAsErrors -abslog="C:\Users\jules\AppData\Local\UnrealBuildTool\Log_UHT.txt" -installed
  LogInit: Display: Loading text-based GConfig....
  Reflection code generated for FPSGameEditor in 3,8033579 seconds
  Building FPSGameEditor...
  Using Visual Studio 2022 14.30.30706 toolchain (C:\Program Files\Microsoft Visual Studio\2022\Community\VC\Tools\MSVC\14.30.30705) and Windows 10.0.19041.0 SDK (C:\Program Files (x86)\Windows Kits\10).
  [Upgrade]
  [Upgrade] Using backward-compatible build settings. The latest version of UE4 sets the following values by default, which may require code changes:
  [Upgrade]     bLegacyPublicIncludePaths = false                 => Omits subfolders from public include paths to reduce compiler command line length. (Previously: true).
  [Upgrade]     ShadowVariableWarningLevel = WarningLevel.Error   => Treats shadowed variable warnings as errors. (Previously: WarningLevel.Warning).
  [Upgrade]     PCHUsage = PCHUsageMode.UseExplicitOrSharedPCHs   => Set in build.cs files to enables IWYU-style PCH model. See https://docs.unrealengine.com/en-US/Programming/BuildTools/UnrealBuildTool/IWYU/index.html. (Previously: PCHUsageMode.UseSharedPCHs).
  [Upgrade] Suppress this message by setting 'DefaultBuildSettings = BuildSettingsVersion.V2;' in FPSGameEditor.Target.cs, and explicitly overriding settings that differ from the new defaults.
  [Upgrade]
  Building 7 actions with 12 processes...
    [1/7] FPSGame.init.gen.cpp
    [2/7] FPSBombActor.gen.cpp
    [3/7] FPSCharacter.cpp
    [4/7] FPSBombActor.cpp
    [5/7] UE4Editor-FPSGame-0022.lib
       Création de la bibliothèque D:\mais_oui_mais_pingback\UnrealLearning\SimpleFPSTemplate-master\Intermediate\Build\Win64\UE4Editor\Development\FPSGame\UE4Editor-FPSGame-0022.lib et de l'objet D:\mais_oui_mais_pingback\UnrealLearning\SimpleFPSTemplate-master\Intermediate\Build\Win64\UE4Editor\Development\FPSGame\UE4Editor-FPSGame-0022.exp
    [6/7] UE4Editor-FPSGame-0022.dll
       Création de la bibliothèque D:\mais_oui_mais_pingback\UnrealLearning\SimpleFPSTemplate-master\Intermediate\Build\Win64\UE4Editor\Development\FPSGame\UE4Editor-FPSGame-0022.suppressed.lib et de l'objet D:\mais_oui_mais_pingback\UnrealLearning\SimpleFPSTemplate-master\Intermediate\Build\Win64\UE4Editor\Development\FPSGame\UE4Editor-FPSGame-0022.suppressed.exp
    [7/7] FPSGameEditor.target
  Total time in Parallel executor: 4,16 seconds
  Total execution time: 8,94 seconds
