Log file open, 12/16/21 15:32:22
LogWindows: Failed to load 'aqProf.dll' (GetLastError=126)
LogWindows: File 'aqProf.dll' does not exist
LogWindows: Failed to load 'VtuneApi.dll' (GetLastError=126)
LogWindows: File 'VtuneApi.dll' does not exist
LogWindows: Failed to load 'VtuneApi32e.dll' (GetLastError=126)
LogWindows: File 'VtuneApi32e.dll' does not exist
LogConsoleResponse: Display: Failed to find resolution value strings in scalability ini. Falling back to default.
LogConsoleResponse: Display: Failed to find resolution value strings in scalability ini. Falling back to default.
LogInit: Display: Running engine for game: UnrealBasicsTutorial
LogPlatformFile: Not using cached read wrapper
LogTaskGraph: Started task graph with 5 named threads and 47 total threads with 3 sets of task threads.
LogStats: Stats thread started at 0.172795
LogICUInternationalization: ICU TimeZone Detection - Raw Offset: +1:00, Platform Override: ''
LogInit: Display: Loading text-based GConfig....
LogPluginManager: Mounting plugin MeshPainting
LogPluginManager: Mounting plugin XGEController
LogPluginManager: Mounting plugin AISupport
LogPluginManager: Mounting plugin EnvironmentQueryEditor
LogPluginManager: Mounting plugin LightPropagationVolume
LogPluginManager: Mounting plugin Paper2D
LogPluginManager: Mounting plugin GameplayCameras
LogPluginManager: Mounting plugin CameraShakePreviewer
LogPluginManager: Mounting plugin LiveLink
LogPluginManager: Mounting plugin OodleData
LogPluginManager: Mounting plugin OodleNetwork
LogPluginManager: Mounting plugin AnimationSharing
LogPluginManager: Mounting plugin PixWinPlugin
LogPluginManager: Mounting plugin PerforceSourceControl
LogPluginManager: Mounting plugin PropertyAccessNode
LogPluginManager: Mounting plugin RiderSourceCodeAccess
LogPluginManager: Mounting plugin NullSourceCodeAccess
LogPluginManager: Mounting plugin CLionSourceCodeAccess
LogPluginManager: Mounting plugin CodeLiteSourceCodeAccess
LogPluginManager: Mounting plugin SubversionSourceControl
LogPluginManager: Mounting plugin TextureFormatOodle
LogPluginManager: Mounting plugin PlasticSourceControl
LogPluginManager: Mounting plugin PluginUtils
LogPluginManager: Mounting plugin UObjectPlugin
LogPluginManager: Mounting plugin CryptoKeys
LogPluginManager: Mounting plugin CurveEditorTools
LogPluginManager: Mounting plugin DataValidation
LogPluginManager: Mounting plugin AssetManagerEditor
LogPluginManager: Mounting plugin FacialAnimation
LogPluginManager: Mounting plugin GameplayTagsEditor
LogPluginManager: Mounting plugin GitSourceControl
LogPluginManager: Mounting plugin MacGraphicsSwitching
LogPluginManager: Mounting plugin MaterialAnalyzer
LogPluginManager: Mounting plugin MobileLauncherProfileWizard
LogPluginManager: Mounting plugin GeometryMode
LogPluginManager: Mounting plugin PluginBrowser
LogPluginManager: Mounting plugin SpeedTreeImporter
LogPluginManager: Mounting plugin AlembicImporter
LogPluginManager: Mounting plugin AutomationUtils
LogPluginManager: Mounting plugin BackChannel
LogPluginManager: Mounting plugin ChaosCloth
LogPluginManager: Mounting plugin ChaosEditor
LogPluginManager: Mounting plugin ChaosNiagara
LogPluginManager: Mounting plugin ChaosSolverPlugin
LogPluginManager: Mounting plugin ChaosClothEditor
LogPluginManager: Mounting plugin CharacterAI
LogPluginManager: Mounting plugin GeometryCache
LogPluginManager: Mounting plugin GeometryCollectionPlugin
LogPluginManager: Mounting plugin VisualStudioSourceCodeAccess
LogPluginManager: Mounting plugin XCodeSourceCodeAccess
LogPluginManager: Mounting plugin VisualStudioCodeSourceCodeAccess
LogPluginManager: Mounting plugin DatasmithContent
LogPluginManager: Mounting plugin GeometryProcessing
LogPluginManager: Mounting plugin VariantManagerContent
LogPluginManager: Mounting plugin MotoSynth
LogPluginManager: Mounting plugin PlatformCrypto
LogPluginManager: Mounting plugin PlanarCut
LogPluginManager: Mounting plugin ProxyLODPlugin
LogPluginManager: Mounting plugin PythonScriptPlugin
LogPluginManager: Mounting plugin KDevelopSourceCodeAccess
LogPluginManager: Mounting plugin SkeletalReduction
LogPluginManager: Mounting plugin LuminPlatformFeatures
LogPluginManager: Mounting plugin MagicLeap
LogPluginManager: Mounting plugin MagicLeapLightEstimation
LogPluginManager: Mounting plugin OpenImageDenoise
LogPluginManager: Mounting plugin MagicLeapMedia
LogPluginManager: Mounting plugin MagicLeapPassableWorld
LogPluginManager: Mounting plugin ActorSequence
LogPluginManager: Mounting plugin MLSDK
LogPluginManager: Mounting plugin LevelSequenceEditor
LogPluginManager: Mounting plugin MatineeToLevelSequence
LogPluginManager: Mounting plugin TemplateSequence
LogPluginManager: Mounting plugin Niagara
LogPluginManager: Mounting plugin LauncherChunkInstaller
LogPluginManager: Mounting plugin AndroidMedia
LogPluginManager: Mounting plugin AvfMedia
LogPluginManager: Mounting plugin ImgMedia
LogPluginManager: Mounting plugin MediaCompositing
LogPluginManager: Mounting plugin MediaPlayerEditor
LogPluginManager: Mounting plugin WebMMedia
LogPluginManager: Mounting plugin WmfMedia
LogPluginManager: Mounting plugin TcpMessaging
LogPluginManager: Mounting plugin UdpMessaging
LogPluginManager: Mounting plugin OnlineSubsystem
LogPluginManager: Mounting plugin OnlineSubsystemNull
LogPluginManager: Mounting plugin ActorLayerUtilities
LogPluginManager: Mounting plugin OnlineSubsystemUtils
LogPluginManager: Mounting plugin AndroidDeviceProfileSelector
LogPluginManager: Mounting plugin AndroidPermission
LogPluginManager: Mounting plugin AppleImageUtils
LogPluginManager: Mounting plugin AssetTags
LogPluginManager: Mounting plugin AudioCapture
LogPluginManager: Mounting plugin AndroidMoviePlayer
LogPluginManager: Mounting plugin ArchVisCharacter
LogPluginManager: Mounting plugin CableComponent
LogPluginManager: Mounting plugin AppleMoviePlayer
LogPluginManager: Mounting plugin AudioSynesthesia
LogPluginManager: Mounting plugin CustomMeshComponent
LogPluginManager: Mounting plugin ChunkDownloader
LogPluginManager: Mounting plugin EditableMesh
LogPluginManager: Mounting plugin ExampleDeviceProfileSelector
LogPluginManager: Mounting plugin ScreenshotTools
LogPluginManager: Mounting plugin GoogleCloudMessaging
LogPluginManager: Mounting plugin GooglePAD
LogPluginManager: Mounting plugin IOSDeviceProfileSelector
LogPluginManager: Mounting plugin LinuxDeviceProfileSelector
LogPluginManager: Mounting plugin LocationServicesBPLibrary
LogPluginManager: Mounting plugin MobilePatchingUtils
LogPluginManager: Mounting plugin OpenXRHandTracking
LogPluginManager: Mounting plugin OpenXR
LogPluginManager: Mounting plugin OpenXREyeTracker
LogPluginManager: Mounting plugin PostSplashScreen
LogPluginManager: Mounting plugin PhysXVehicles
LogPluginManager: Mounting plugin PropertyAccessEditor
LogPluginManager: Mounting plugin ProceduralMeshComponent
LogPluginManager: Mounting plugin SoundFields
LogPluginManager: Mounting plugin RuntimePhysXCooking
LogPluginManager: Mounting plugin SignificanceManager
LogPluginManager: Mounting plugin Synthesis
LogPluginManager: Mounting plugin WebMMoviePlayer
LogPluginManager: Mounting plugin WindowsMoviePlayer
LogPluginManager: Mounting plugin Takes
LogPluginManager: Mounting plugin ContentBrowserAssetDataSource
LogPluginManager: Mounting plugin ContentBrowserClassDataSource
LogPluginManager: Mounting plugin ContentBrowserFileDataSource
LogPluginManager: Mounting plugin OnlineSubsystemGooglePlay
LogPluginManager: Mounting plugin OnlineSubsystemIOS
LogPluginManager: Mounting plugin OculusVR
LogPluginManager: Mounting plugin SteamVR
PixWinPlugin: PIX capture plugin failed to initialize! Check that the process is launched from PIX.
LogInit: Using libcurl 7.55.1-DEV
LogInit:  - built for x86_64-pc-win32
LogInit:  - supports SSL with OpenSSL/1.1.1
LogInit:  - supports HTTP deflate (compression) using libz 1.2.8
LogInit:  - other features:
LogInit:      CURL_VERSION_SSL
LogInit:      CURL_VERSION_LIBZ
LogInit:      CURL_VERSION_IPV6
LogInit:      CURL_VERSION_ASYNCHDNS
LogInit:      CURL_VERSION_LARGEFILE
LogInit:      CURL_VERSION_IDN
LogInit:  CurlRequestOptions (configurable via config and command line):
LogInit:  - bVerifyPeer = true  - Libcurl will verify peer certificate
LogInit:  - bUseHttpProxy = false  - Libcurl will NOT use HTTP proxy
LogInit:  - bDontReuseConnections = false  - Libcurl will reuse connections
LogInit:  - MaxHostConnections = 16  - Libcurl will limit the number of connections to a host
LogInit:  - LocalHostAddr = Default
LogInit:  - BufferSize = 65536
LogOnline: OSS: Creating online subsystem instance for: NULL
LogInit: WinSock: version 1.1 (2.2), MaxSocks=32767, MaxUdp=65467
LogOnline: OSS: TryLoadSubsystemAndSetDefault: Loaded subsystem for module [NULL]
LogOculusPluginWrapper: OculusPlugin initialized successfully
LogHMD: Failed initializing OVRPlugin 1.59.0
LogInit: Build: ++UE4+Release-4.27-CL-18319896
LogInit: Engine Version: 4.27.2-18319896+++UE4+Release-4.27
LogInit: Compatible Engine Version: 4.27.0-17155196+++UE4+Release-4.27
LogInit: Net CL: 17155196
LogInit: OS: Windows 10 (Release 2009) (), CPU: 11th Gen Intel(R) Core(TM) i7-11700 @ 2.50GHz, GPU: NVIDIA GeForce RTX 3070
LogInit: Compiled (64-bit): Nov 30 2021 07:12:08
LogInit: Compiled with Visual C++: 19.24.28315.00
LogInit: Build Configuration: Development
LogInit: Branch Name: ++UE4+Release-4.27
LogInit: Command Line: 
LogInit: Base Directory: C:/Program Files/Epic Games/UE_4.27/Engine/Binaries/Win64/
LogInit: Allocator: TBB
LogInit: Installed Engine Build: 1
LogDevObjectVersion: Number of dev versions registered: 29
LogDevObjectVersion:   Dev-Blueprints (B0D832E4-1F89-4F0D-ACCF-7EB736FD4AA2): 10
LogDevObjectVersion:   Dev-Build (E1C64328-A22C-4D53-A36C-8E866417BD8C): 0
LogDevObjectVersion:   Dev-Core (375EC13C-06E4-48FB-B500-84F0262A717E): 4
LogDevObjectVersion:   Dev-Editor (E4B068ED-F494-42E9-A231-DA0B2E46BB41): 40
LogDevObjectVersion:   Dev-Framework (CFFC743F-43B0-4480-9391-14DF171D2073): 37
LogDevObjectVersion:   Dev-Mobile (B02B49B5-BB20-44E9-A304-32B752E40360): 3
LogDevObjectVersion:   Dev-Networking (A4E4105C-59A1-49B5-A7C5-40C4547EDFEE): 0
LogDevObjectVersion:   Dev-Online (39C831C9-5AE6-47DC-9A44-9C173E1C8E7C): 0
LogDevObjectVersion:   Dev-Physics (78F01B33-EBEA-4F98-B9B4-84EACCB95AA2): 14
LogDevObjectVersion:   Dev-Platform (6631380F-2D4D-43E0-8009-CF276956A95A): 0
LogDevObjectVersion:   Dev-Rendering (12F88B9F-8875-4AFC-A67C-D90C383ABD29): 45
LogDevObjectVersion:   Dev-Sequencer (7B5AE74C-D270-4C10-A958-57980B212A5A): 13
LogDevObjectVersion:   Dev-VR (D7296918-1DD6-4BDD-9DE2-64A83CC13884): 3
LogDevObjectVersion:   Dev-LoadTimes (C2A15278-BFE7-4AFE-6C17-90FF531DF755): 1
LogDevObjectVersion:   Private-Geometry (6EACA3D4-40EC-4CC1-B786-8BED09428FC5): 3
LogDevObjectVersion:   Dev-AnimPhys (29E575DD-E0A3-4627-9D10-D276232CDCEA): 17
LogDevObjectVersion:   Dev-Anim (AF43A65D-7FD3-4947-9873-3E8ED9C1BB05): 15
LogDevObjectVersion:   Dev-ReflectionCapture (6B266CEC-1EC7-4B8F-A30B-E4D90942FC07): 1
LogDevObjectVersion:   Dev-Automation (0DF73D61-A23F-47EA-B727-89E90C41499A): 1
LogDevObjectVersion:   FortniteMain (601D1886-AC64-4F84-AA16-D3DE0DEAC7D6): 47
LogDevObjectVersion:   FortniteRelease (E7086368-6B23-4C58-8439-1B7016265E91): 1
LogDevObjectVersion:   Dev-Enterprise (9DFFBCD6-494F-0158-E221-12823C92A888): 10
LogDevObjectVersion:   Dev-Niagara (F2AED0AC-9AFE-416F-8664-AA7FFA26D6FC): 1
LogDevObjectVersion:   Dev-Destruction (174F1F0B-B4C6-45A5-B13F-2EE8D0FB917D): 10
LogDevObjectVersion:   Dev-Physics-Ext (35F94A83-E258-406C-A318-09F59610247C): 41
LogDevObjectVersion:   Dev-PhysicsMaterial-Chaos (B68FC16E-8B1B-42E2-B453-215C058844FE): 1
LogDevObjectVersion:   Dev-CineCamera (B2E18506-4273-CFC2-A54E-F4BB758BBA07): 1
LogDevObjectVersion:   Dev-VirtualProduction (64F58936-FD1B-42BA-BA96-7289D5D0FA4E): 1
LogDevObjectVersion:   Dev-MediaFramework (6F0ED827-A609-4895-9C91-998D90180EA4): 2
LogInit: Presizing for max 25165824 objects, including 0 objects not considered by GC, pre-allocating 0 bytes for permanent pool.
LogConfig: Applying CVar settings from Section [/Script/Engine.StreamingSettings] File [C:/Users/game3/Documents/GitHub/UnrealLearning/UnrealBasicsTutorial/Saved/Config/Windows/Engine.ini]
LogConfig: Setting CVar [[s.MinBulkDataSizeForAsyncLoading:131072]]
LogConfig: Setting CVar [[s.AsyncLoadingThreadEnabled:0]]
LogConfig: Setting CVar [[s.EventDrivenLoaderEnabled:1]]
LogConfig: Setting CVar [[s.WarnIfTimeLimitExceeded:0]]
LogConfig: Setting CVar [[s.TimeLimitExceededMultiplier:1.5]]
LogConfig: Setting CVar [[s.TimeLimitExceededMinTime:0.005]]
LogConfig: Setting CVar [[s.UseBackgroundLevelStreaming:1]]
LogConfig: Setting CVar [[s.PriorityAsyncLoadingExtraTime:15.0]]
LogConfig: Setting CVar [[s.LevelStreamingActorsUpdateTimeLimit:5.0]]
LogConfig: Setting CVar [[s.PriorityLevelStreamingActorsUpdateExtraTime:5.0]]
LogConfig: Setting CVar [[s.LevelStreamingComponentsRegistrationGranularity:10]]
LogConfig: Setting CVar [[s.UnregisterComponentsTimeLimit:1.0]]
LogConfig: Setting CVar [[s.LevelStreamingComponentsUnregistrationGranularity:5]]
LogConfig: Setting CVar [[s.FlushStreamingOnExit:1]]
LogInit: Object subsystem initialized
LogConfig: Setting CVar [[con.DebugEarlyDefault:1]]
LogConfig: Setting CVar [[r.setres:1280x720]]
[2021.12.16-14.32.22:549][  0]LogConfig: Setting CVar [[r.VSync:0]]
[2021.12.16-14.32.22:549][  0]LogConfig: Setting CVar [[r.RHICmdBypass:0]]
[2021.12.16-14.32.22:549][  0]LogConfig: Applying CVar settings from Section [/Script/Engine.RendererSettings] File [C:/Users/game3/Documents/GitHub/UnrealLearning/UnrealBasicsTutorial/Saved/Config/Windows/Engine.ini]
[2021.12.16-14.32.22:549][  0]LogConfig: Setting CVar [[r.GPUCrashDebugging:0]]
[2021.12.16-14.32.22:549][  0]LogConfig: Applying CVar settings from Section [/Script/Engine.RendererOverrideSettings] File [C:/Users/game3/Documents/GitHub/UnrealLearning/UnrealBasicsTutorial/Saved/Config/Windows/Engine.ini]
[2021.12.16-14.32.22:549][  0]LogConfig: Applying CVar settings from Section [/Script/Engine.StreamingSettings] File [C:/Users/game3/Documents/GitHub/UnrealLearning/UnrealBasicsTutorial/Saved/Config/Windows/Engine.ini]
[2021.12.16-14.32.22:549][  0]LogConfig: Setting CVar [[s.MinBulkDataSizeForAsyncLoading:131072]]
[2021.12.16-14.32.22:549][  0]LogConfig: Setting CVar [[s.AsyncLoadingThreadEnabled:0]]
[2021.12.16-14.32.22:549][  0]LogConfig: Setting CVar [[s.EventDrivenLoaderEnabled:1]]
[2021.12.16-14.32.22:549][  0]LogConfig: Setting CVar [[s.WarnIfTimeLimitExceeded:0]]
[2021.12.16-14.32.22:549][  0]LogConfig: Setting CVar [[s.TimeLimitExceededMultiplier:1.5]]
[2021.12.16-14.32.22:549][  0]LogConfig: Setting CVar [[s.TimeLimitExceededMinTime:0.005]]
[2021.12.16-14.32.22:549][  0]LogConfig: Setting CVar [[s.UseBackgroundLevelStreaming:1]]
[2021.12.16-14.32.22:549][  0]LogConfig: Setting CVar [[s.PriorityAsyncLoadingExtraTime:15.0]]
[2021.12.16-14.32.22:549][  0]LogConfig: Setting CVar [[s.LevelStreamingActorsUpdateTimeLimit:5.0]]
[2021.12.16-14.32.22:549][  0]LogConfig: Setting CVar [[s.PriorityLevelStreamingActorsUpdateExtraTime:5.0]]
[2021.12.16-14.32.22:549][  0]LogConfig: Setting CVar [[s.LevelStreamingComponentsRegistrationGranularity:10]]
[2021.12.16-14.32.22:549][  0]LogConfig: Setting CVar [[s.UnregisterComponentsTimeLimit:1.0]]
[2021.12.16-14.32.22:549][  0]LogConfig: Setting CVar [[s.LevelStreamingComponentsUnregistrationGranularity:5]]
[2021.12.16-14.32.22:549][  0]LogConfig: Setting CVar [[s.FlushStreamingOnExit:1]]
[2021.12.16-14.32.22:549][  0]LogConfig: Applying CVar settings from Section [/Script/Engine.GarbageCollectionSettings] File [C:/Users/game3/Documents/GitHub/UnrealLearning/UnrealBasicsTutorial/Saved/Config/Windows/Engine.ini]
[2021.12.16-14.32.22:549][  0]LogConfig: Setting CVar [[gc.MaxObjectsNotConsideredByGC:1]]
[2021.12.16-14.32.22:549][  0]LogConfig: Setting CVar [[gc.SizeOfPermanentObjectPool:0]]
[2021.12.16-14.32.22:549][  0]LogConfig: Setting CVar [[gc.FlushStreamingOnGC:0]]
[2021.12.16-14.32.22:549][  0]LogConfig: Setting CVar [[gc.NumRetriesBeforeForcingGC:10]]
[2021.12.16-14.32.22:549][  0]LogConfig: Setting CVar [[gc.AllowParallelGC:1]]
[2021.12.16-14.32.22:549][  0]LogConfig: Setting CVar [[gc.TimeBetweenPurgingPendingKillObjects:61.1]]
[2021.12.16-14.32.22:549][  0]LogConfig: Setting CVar [[gc.MaxObjectsInEditor:25165824]]
[2021.12.16-14.32.22:549][  0]LogConfig: Setting CVar [[gc.IncrementalBeginDestroyEnabled:1]]
[2021.12.16-14.32.22:549][  0]LogConfig: Setting CVar [[gc.CreateGCClusters:1]]
[2021.12.16-14.32.22:549][  0]LogConfig: Setting CVar [[gc.MinGCClusterSize:5]]
[2021.12.16-14.32.22:549][  0]LogConfig: Setting CVar [[gc.ActorClusteringEnabled:0]]
[2021.12.16-14.32.22:549][  0]LogConfig: Setting CVar [[gc.BlueprintClusteringEnabled:0]]
[2021.12.16-14.32.22:549][  0]LogConfig: Setting CVar [[gc.UseDisregardForGCOnDedicatedServers:0]]
[2021.12.16-14.32.22:549][  0]LogConfig: Setting CVar [[gc.MultithreadedDestructionEnabled:1]]
[2021.12.16-14.32.22:549][  0]LogConfig: Applying CVar settings from Section [/Script/Engine.NetworkSettings] File [C:/Users/game3/Documents/GitHub/UnrealLearning/UnrealBasicsTutorial/Saved/Config/Windows/Engine.ini]
[2021.12.16-14.32.22:549][  0]LogConfig: Applying CVar settings from Section [/Script/UnrealEd.CookerSettings] File [C:/Users/game3/Documents/GitHub/UnrealLearning/UnrealBasicsTutorial/Saved/Config/Windows/Engine.ini]
[2021.12.16-14.32.22:553][  0]LogConfig: Applying CVar settings from Section [ViewDistanceQuality@3] File [C:/Users/game3/Documents/GitHub/UnrealLearning/UnrealBasicsTutorial/Saved/Config/Windows/Scalability.ini]
[2021.12.16-14.32.22:553][  0]LogConfig: Setting CVar [[r.SkeletalMeshLODBias:0]]
[2021.12.16-14.32.22:553][  0]LogConfig: Setting CVar [[r.ViewDistanceScale:1.0]]
[2021.12.16-14.32.22:553][  0]LogConfig: Applying CVar settings from Section [AntiAliasingQuality@3] File [C:/Users/game3/Documents/GitHub/UnrealLearning/UnrealBasicsTutorial/Saved/Config/Windows/Scalability.ini]
[2021.12.16-14.32.22:553][  0]LogConfig: Setting CVar [[r.PostProcessAAQuality:4]]
[2021.12.16-14.32.22:553][  0]LogConfig: Applying CVar settings from Section [ShadowQuality@3] File [C:/Users/game3/Documents/GitHub/UnrealLearning/UnrealBasicsTutorial/Saved/Config/Windows/Scalability.ini]
[2021.12.16-14.32.22:553][  0]LogConfig: Setting CVar [[r.LightFunctionQuality:1]]
[2021.12.16-14.32.22:553][  0]LogConfig: Setting CVar [[r.ShadowQuality:5]]
[2021.12.16-14.32.22:553][  0]LogConfig: Setting CVar [[r.Shadow.CSM.MaxCascades:10]]
[2021.12.16-14.32.22:553][  0]LogConfig: Setting CVar [[r.Shadow.MaxResolution:2048]]
[2021.12.16-14.32.22:553][  0]LogConfig: Setting CVar [[r.Shadow.MaxCSMResolution:2048]]
[2021.12.16-14.32.22:553][  0]LogConfig: Setting CVar [[r.Shadow.RadiusThreshold:0.01]]
[2021.12.16-14.32.22:553][  0]LogConfig: Setting CVar [[r.Shadow.DistanceScale:1.0]]
[2021.12.16-14.32.22:553][  0]LogConfig: Setting CVar [[r.Shadow.CSM.TransitionScale:1.0]]
[2021.12.16-14.32.22:553][  0]LogConfig: Setting CVar [[r.Shadow.PreShadowResolutionFactor:1.0]]
[2021.12.16-14.32.22:553][  0]LogConfig: Setting CVar [[r.DistanceFieldShadowing:1]]
[2021.12.16-14.32.22:553][  0]LogConfig: Setting CVar [[r.DistanceFieldAO:1]]
[2021.12.16-14.32.22:553][  0]LogConfig: Setting CVar [[r.AOQuality:2]]
[2021.12.16-14.32.22:553][  0]LogConfig: Setting CVar [[r.VolumetricFog:1]]
[2021.12.16-14.32.22:553][  0]LogConfig: Setting CVar [[r.VolumetricFog.GridPixelSize:8]]
[2021.12.16-14.32.22:554][  0]LogConfig: Setting CVar [[r.VolumetricFog.GridSizeZ:128]]
[2021.12.16-14.32.22:554][  0]LogConfig: Setting CVar [[r.VolumetricFog.HistoryMissSupersampleCount:4]]
[2021.12.16-14.32.22:554][  0]LogConfig: Setting CVar [[r.LightMaxDrawDistanceScale:1]]
[2021.12.16-14.32.22:554][  0]LogConfig: Setting CVar [[r.CapsuleShadows:1]]
[2021.12.16-14.32.22:554][  0]LogConfig: Applying CVar settings from Section [PostProcessQuality@3] File [C:/Users/game3/Documents/GitHub/UnrealLearning/UnrealBasicsTutorial/Saved/Config/Windows/Scalability.ini]
[2021.12.16-14.32.22:554][  0]LogConfig: Setting CVar [[r.MotionBlurQuality:4]]
[2021.12.16-14.32.22:554][  0]LogConfig: Setting CVar [[r.AmbientOcclusionMipLevelFactor:0.4]]
[2021.12.16-14.32.22:554][  0]LogConfig: Setting CVar [[r.AmbientOcclusionMaxQuality:100]]
[2021.12.16-14.32.22:554][  0]LogConfig: Setting CVar [[r.AmbientOcclusionLevels:-1]]
[2021.12.16-14.32.22:554][  0]LogConfig: Setting CVar [[r.AmbientOcclusionRadiusScale:1.0]]
[2021.12.16-14.32.22:554][  0]LogConfig: Setting CVar [[r.DepthOfFieldQuality:2]]
[2021.12.16-14.32.22:554][  0]LogConfig: Setting CVar [[r.RenderTargetPoolMin:400]]
[2021.12.16-14.32.22:554][  0]LogConfig: Setting CVar [[r.LensFlareQuality:2]]
[2021.12.16-14.32.22:554][  0]LogConfig: Setting CVar [[r.SceneColorFringeQuality:1]]
[2021.12.16-14.32.22:554][  0]LogConfig: Setting CVar [[r.EyeAdaptationQuality:2]]
[2021.12.16-14.32.22:554][  0]LogConfig: Setting CVar [[r.BloomQuality:5]]
[2021.12.16-14.32.22:554][  0]LogConfig: Setting CVar [[r.FastBlurThreshold:100]]
[2021.12.16-14.32.22:554][  0]LogConfig: Setting CVar [[r.Upscale.Quality:3]]
[2021.12.16-14.32.22:554][  0]LogConfig: Setting CVar [[r.Tonemapper.GrainQuantization:1]]
[2021.12.16-14.32.22:554][  0]LogConfig: Setting CVar [[r.LightShaftQuality:1]]
[2021.12.16-14.32.22:554][  0]LogConfig: Setting CVar [[r.Filter.SizeScale:1]]
[2021.12.16-14.32.22:554][  0]LogConfig: Setting CVar [[r.Tonemapper.Quality:5]]
[2021.12.16-14.32.22:554][  0]LogConfig: Setting CVar [[r.DOF.Gather.AccumulatorQuality:1        ; higher gathering accumulator quality]]
[2021.12.16-14.32.22:554][  0]LogConfig: Setting CVar [[r.DOF.Gather.PostfilterMethod:1          ; Median3x3 postfilering method]]
[2021.12.16-14.32.22:554][  0]LogConfig: Setting CVar [[r.DOF.Gather.EnableBokehSettings:0       ; no bokeh simulation when gathering]]
[2021.12.16-14.32.22:554][  0]LogConfig: Setting CVar [[r.DOF.Gather.RingCount:4                 ; medium number of samples when gathering]]
[2021.12.16-14.32.22:554][  0]LogConfig: Setting CVar [[r.DOF.Scatter.ForegroundCompositing:1    ; additive foreground scattering]]
[2021.12.16-14.32.22:554][  0]LogConfig: Setting CVar [[r.DOF.Scatter.BackgroundCompositing:2    ; additive background scattering]]
[2021.12.16-14.32.22:554][  0]LogConfig: Setting CVar [[r.DOF.Scatter.EnableBokehSettings:1      ; bokeh simulation when scattering]]
[2021.12.16-14.32.22:554][  0]LogConfig: Setting CVar [[r.DOF.Scatter.MaxSpriteRatio:0.1         ; only a maximum of 10% of scattered bokeh]]
[2021.12.16-14.32.22:554][  0]LogConfig: Setting CVar [[r.DOF.Recombine.Quality:1                ; cheap slight out of focus]]
[2021.12.16-14.32.22:554][  0]LogConfig: Setting CVar [[r.DOF.Recombine.EnableBokehSettings:0    ; no bokeh simulation on slight out of focus]]
[2021.12.16-14.32.22:554][  0]LogConfig: Setting CVar [[r.DOF.TemporalAAQuality:1                ; more stable temporal accumulation]]
[2021.12.16-14.32.22:554][  0]LogConfig: Setting CVar [[r.DOF.Kernel.MaxForegroundRadius:0.025]]
[2021.12.16-14.32.22:554][  0]LogConfig: Setting CVar [[r.DOF.Kernel.MaxBackgroundRadius:0.025]]
[2021.12.16-14.32.22:554][  0]LogConfig: Applying CVar settings from Section [TextureQuality@3] File [C:/Users/game3/Documents/GitHub/UnrealLearning/UnrealBasicsTutorial/Saved/Config/Windows/Scalability.ini]
[2021.12.16-14.32.22:554][  0]LogConfig: Setting CVar [[r.Streaming.MipBias:0]]
[2021.12.16-14.32.22:554][  0]LogConfig: Setting CVar [[r.Streaming.AmortizeCPUToGPUCopy:0]]
[2021.12.16-14.32.22:554][  0]LogConfig: Setting CVar [[r.Streaming.MaxNumTexturesToStreamPerFrame:0]]
[2021.12.16-14.32.22:554][  0]LogConfig: Setting CVar [[r.Streaming.Boost:1]]
[2021.12.16-14.32.22:554][  0]LogConfig: Setting CVar [[r.MaxAnisotropy:8]]
[2021.12.16-14.32.22:554][  0]LogConfig: Setting CVar [[r.VT.MaxAnisotropy:8]]
[2021.12.16-14.32.22:554][  0]LogConfig: Setting CVar [[r.Streaming.LimitPoolSizeToVRAM:0]]
[2021.12.16-14.32.22:554][  0]LogConfig: Setting CVar [[r.Streaming.PoolSize:1000]]
[2021.12.16-14.32.22:554][  0]LogConfig: Setting CVar [[r.Streaming.MaxEffectiveScreenSize:0]]
[2021.12.16-14.32.22:554][  0]LogConfig: Applying CVar settings from Section [EffectsQuality@3] File [C:/Users/game3/Documents/GitHub/UnrealLearning/UnrealBasicsTutorial/Saved/Config/Windows/Scalability.ini]
[2021.12.16-14.32.22:554][  0]LogConfig: Setting CVar [[r.TranslucencyLightingVolumeDim:64]]
[2021.12.16-14.32.22:554][  0]LogConfig: Setting CVar [[r.RefractionQuality:2]]
[2021.12.16-14.32.22:554][  0]LogConfig: Setting CVar [[r.SSR.Quality:3]]
[2021.12.16-14.32.22:554][  0]LogConfig: Setting CVar [[r.SSR.HalfResSceneColor:0]]
[2021.12.16-14.32.22:554][  0]LogConfig: Setting CVar [[r.SceneColorFormat:4]]
[2021.12.16-14.32.22:554][  0]LogConfig: Setting CVar [[r.DetailMode:2]]
[2021.12.16-14.32.22:554][  0]LogConfig: Setting CVar [[r.TranslucencyVolumeBlur:1]]
[2021.12.16-14.32.22:554][  0]LogConfig: Setting CVar [[r.MaterialQualityLevel:1 ; High quality]]
[2021.12.16-14.32.22:554][  0]LogConfig: Setting CVar [[r.AnisotropicMaterials:1]]
[2021.12.16-14.32.22:554][  0]LogConfig: Setting CVar [[r.SSS.Scale:1]]
[2021.12.16-14.32.22:554][  0]LogConfig: Setting CVar [[r.SSS.SampleSet:2]]
[2021.12.16-14.32.22:554][  0]LogConfig: Setting CVar [[r.SSS.Quality:1]]
[2021.12.16-14.32.22:554][  0]LogConfig: Setting CVar [[r.SSS.HalfRes:0]]
[2021.12.16-14.32.22:554][  0]LogConfig: Setting CVar [[r.SSGI.Quality:3]]
[2021.12.16-14.32.22:554][  0]LogConfig: Setting CVar [[r.EmitterSpawnRateScale:1.0]]
[2021.12.16-14.32.22:554][  0]LogConfig: Setting CVar [[r.ParticleLightQuality:2]]
[2021.12.16-14.32.22:554][  0]LogConfig: Setting CVar [[r.SkyAtmosphere.AerialPerspectiveLUT.FastApplyOnOpaque:1 ; Always have FastSkyLUT 1 in this case to avoid wrong sky]]
[2021.12.16-14.32.22:554][  0]LogConfig: Setting CVar [[r.SkyAtmosphere.AerialPerspectiveLUT.SampleCountMaxPerSlice:4]]
[2021.12.16-14.32.22:554][  0]LogConfig: Setting CVar [[r.SkyAtmosphere.AerialPerspectiveLUT.DepthResolution:16.0]]
[2021.12.16-14.32.22:554][  0]LogConfig: Setting CVar [[r.SkyAtmosphere.FastSkyLUT:1]]
[2021.12.16-14.32.22:554][  0]LogConfig: Setting CVar [[r.SkyAtmosphere.FastSkyLUT.SampleCountMin:4.0]]
[2021.12.16-14.32.22:554][  0]LogConfig: Setting CVar [[r.SkyAtmosphere.FastSkyLUT.SampleCountMax:128.0]]
[2021.12.16-14.32.22:554][  0]LogConfig: Setting CVar [[r.SkyAtmosphere.SampleCountMin:4.0]]
[2021.12.16-14.32.22:554][  0]LogConfig: Setting CVar [[r.SkyAtmosphere.SampleCountMax:128.0]]
[2021.12.16-14.32.22:554][  0]LogConfig: Setting CVar [[r.SkyAtmosphere.TransmittanceLUT.UseSmallFormat:0]]
[2021.12.16-14.32.22:554][  0]LogConfig: Setting CVar [[r.SkyAtmosphere.TransmittanceLUT.SampleCount:10.0]]
[2021.12.16-14.32.22:554][  0]LogConfig: Setting CVar [[r.SkyAtmosphere.MultiScatteringLUT.SampleCount:15.0]]
[2021.12.16-14.32.22:554][  0]LogConfig: Setting CVar [[r.SkyLight.RealTimeReflectionCapture:1]]
[2021.12.16-14.32.22:554][  0]LogConfig: Applying CVar settings from Section [FoliageQuality@3] File [C:/Users/game3/Documents/GitHub/UnrealLearning/UnrealBasicsTutorial/Saved/Config/Windows/Scalability.ini]
[2021.12.16-14.32.22:554][  0]LogConfig: Setting CVar [[foliage.DensityScale:1.0]]
[2021.12.16-14.32.22:554][  0]LogConfig: Setting CVar [[grass.DensityScale:1.0]]
[2021.12.16-14.32.22:554][  0]LogConfig: Applying CVar settings from Section [ShadingQuality@3] File [C:/Users/game3/Documents/GitHub/UnrealLearning/UnrealBasicsTutorial/Saved/Config/Windows/Scalability.ini]
[2021.12.16-14.32.22:554][  0]LogConfig: Setting CVar [[r.HairStrands.SkyLighting.IntegrationType:2]]
[2021.12.16-14.32.22:554][  0]LogConfig: Setting CVar [[r.HairStrands.SkyAO.SampleCount:4]]
[2021.12.16-14.32.22:554][  0]LogConfig: Setting CVar [[r.HairStrands.Visibility.MSAA.SamplePerPixel:4]]
[2021.12.16-14.32.22:554][  0]LogInit: Selected Device Profile: [Windows]
[2021.12.16-14.32.22:554][  0]LogInit: Applying CVar settings loaded from the selected device profile: [Windows]
[2021.12.16-14.32.22:554][  0]LogHAL: Display: Platform has ~ 16 GB [16945225728 / 17179869184 / 16], which maps to Larger [LargestMinGB=32, LargerMinGB=12, DefaultMinGB=8, SmallerMinGB=6, SmallestMinGB=0)
[2021.12.16-14.32.22:554][  0]LogInit: Going up to parent DeviceProfile []
[2021.12.16-14.32.22:554][  0]LogConfig: Applying CVar settings from Section [ViewDistanceQuality@3] File [C:/Users/game3/Documents/GitHub/UnrealLearning/UnrealBasicsTutorial/Saved/Config/Windows/Scalability.ini]
[2021.12.16-14.32.22:554][  0]LogConfig: Setting CVar [[r.SkeletalMeshLODBias:0]]
[2021.12.16-14.32.22:554][  0]LogConfig: Setting CVar [[r.ViewDistanceScale:1.0]]
[2021.12.16-14.32.22:554][  0]LogConfig: Applying CVar settings from Section [AntiAliasingQuality@3] File [C:/Users/game3/Documents/GitHub/UnrealLearning/UnrealBasicsTutorial/Saved/Config/Windows/Scalability.ini]
[2021.12.16-14.32.22:554][  0]LogConfig: Setting CVar [[r.PostProcessAAQuality:4]]
[2021.12.16-14.32.22:554][  0]LogConfig: Applying CVar settings from Section [ShadowQuality@3] File [C:/Users/game3/Documents/GitHub/UnrealLearning/UnrealBasicsTutorial/Saved/Config/Windows/Scalability.ini]
[2021.12.16-14.32.22:554][  0]LogConfig: Setting CVar [[r.LightFunctionQuality:1]]
[2021.12.16-14.32.22:554][  0]LogConfig: Setting CVar [[r.ShadowQuality:5]]
[2021.12.16-14.32.22:554][  0]LogConfig: Setting CVar [[r.Shadow.CSM.MaxCascades:10]]
[2021.12.16-14.32.22:554][  0]LogConfig: Setting CVar [[r.Shadow.MaxResolution:2048]]
[2021.12.16-14.32.22:554][  0]LogConfig: Setting CVar [[r.Shadow.MaxCSMResolution:2048]]
[2021.12.16-14.32.22:554][  0]LogConfig: Setting CVar [[r.Shadow.RadiusThreshold:0.01]]
[2021.12.16-14.32.22:554][  0]LogConfig: Setting CVar [[r.Shadow.DistanceScale:1.0]]
[2021.12.16-14.32.22:554][  0]LogConfig: Setting CVar [[r.Shadow.CSM.TransitionScale:1.0]]
[2021.12.16-14.32.22:554][  0]LogConfig: Setting CVar [[r.Shadow.PreShadowResolutionFactor:1.0]]
[2021.12.16-14.32.22:554][  0]LogConfig: Setting CVar [[r.DistanceFieldShadowing:1]]
[2021.12.16-14.32.22:554][  0]LogConfig: Setting CVar [[r.DistanceFieldAO:1]]
[2021.12.16-14.32.22:554][  0]LogConfig: Setting CVar [[r.AOQuality:2]]
[2021.12.16-14.32.22:554][  0]LogConfig: Setting CVar [[r.VolumetricFog:1]]
[2021.12.16-14.32.22:554][  0]LogConfig: Setting CVar [[r.VolumetricFog.GridPixelSize:8]]
[2021.12.16-14.32.22:554][  0]LogConfig: Setting CVar [[r.VolumetricFog.GridSizeZ:128]]
[2021.12.16-14.32.22:554][  0]LogConfig: Setting CVar [[r.VolumetricFog.HistoryMissSupersampleCount:4]]
[2021.12.16-14.32.22:554][  0]LogConfig: Setting CVar [[r.LightMaxDrawDistanceScale:1]]
[2021.12.16-14.32.22:554][  0]LogConfig: Setting CVar [[r.CapsuleShadows:1]]
[2021.12.16-14.32.22:554][  0]LogConfig: Applying CVar settings from Section [PostProcessQuality@3] File [C:/Users/game3/Documents/GitHub/UnrealLearning/UnrealBasicsTutorial/Saved/Config/Windows/Scalability.ini]
[2021.12.16-14.32.22:554][  0]LogConfig: Setting CVar [[r.MotionBlurQuality:4]]
[2021.12.16-14.32.22:554][  0]LogConfig: Setting CVar [[r.AmbientOcclusionMipLevelFactor:0.4]]
[2021.12.16-14.32.22:554][  0]LogConfig: Setting CVar [[r.AmbientOcclusionMaxQuality:100]]
[2021.12.16-14.32.22:554][  0]LogConfig: Setting CVar [[r.AmbientOcclusionLevels:-1]]
[2021.12.16-14.32.22:554][  0]LogConfig: Setting CVar [[r.AmbientOcclusionRadiusScale:1.0]]
[2021.12.16-14.32.22:554][  0]LogConfig: Setting CVar [[r.DepthOfFieldQuality:2]]
[2021.12.16-14.32.22:554][  0]LogConfig: Setting CVar [[r.RenderTargetPoolMin:400]]
[2021.12.16-14.32.22:554][  0]LogConfig: Setting CVar [[r.LensFlareQuality:2]]
[2021.12.16-14.32.22:554][  0]LogConfig: Setting CVar [[r.SceneColorFringeQuality:1]]
[2021.12.16-14.32.22:554][  0]LogConfig: Setting CVar [[r.EyeAdaptationQuality:2]]
[2021.12.16-14.32.22:554][  0]LogConfig: Setting CVar [[r.BloomQuality:5]]
[2021.12.16-14.32.22:554][  0]LogConfig: Setting CVar [[r.FastBlurThreshold:100]]
[2021.12.16-14.32.22:554][  0]LogConfig: Setting CVar [[r.Upscale.Quality:3]]
[2021.12.16-14.32.22:554][  0]LogConfig: Setting CVar [[r.Tonemapper.GrainQuantization:1]]
[2021.12.16-14.32.22:554][  0]LogConfig: Setting CVar [[r.LightShaftQuality:1]]
[2021.12.16-14.32.22:554][  0]LogConfig: Setting CVar [[r.Filter.SizeScale:1]]
[2021.12.16-14.32.22:555][  0]LogConfig: Setting CVar [[r.Tonemapper.Quality:5]]
[2021.12.16-14.32.22:555][  0]LogConfig: Setting CVar [[r.DOF.Gather.AccumulatorQuality:1        ; higher gathering accumulator quality]]
[2021.12.16-14.32.22:555][  0]LogConfig: Setting CVar [[r.DOF.Gather.PostfilterMethod:1          ; Median3x3 postfilering method]]
[2021.12.16-14.32.22:555][  0]LogConfig: Setting CVar [[r.DOF.Gather.EnableBokehSettings:0       ; no bokeh simulation when gathering]]
[2021.12.16-14.32.22:555][  0]LogConfig: Setting CVar [[r.DOF.Gather.RingCount:4                 ; medium number of samples when gathering]]
[2021.12.16-14.32.22:555][  0]LogConfig: Setting CVar [[r.DOF.Scatter.ForegroundCompositing:1    ; additive foreground scattering]]
[2021.12.16-14.32.22:555][  0]LogConfig: Setting CVar [[r.DOF.Scatter.BackgroundCompositing:2    ; additive background scattering]]
[2021.12.16-14.32.22:555][  0]LogConfig: Setting CVar [[r.DOF.Scatter.EnableBokehSettings:1      ; bokeh simulation when scattering]]
[2021.12.16-14.32.22:555][  0]LogConfig: Setting CVar [[r.DOF.Scatter.MaxSpriteRatio:0.1         ; only a maximum of 10% of scattered bokeh]]
[2021.12.16-14.32.22:555][  0]LogConfig: Setting CVar [[r.DOF.Recombine.Quality:1                ; cheap slight out of focus]]
[2021.12.16-14.32.22:555][  0]LogConfig: Setting CVar [[r.DOF.Recombine.EnableBokehSettings:0    ; no bokeh simulation on slight out of focus]]
[2021.12.16-14.32.22:555][  0]LogConfig: Setting CVar [[r.DOF.TemporalAAQuality:1                ; more stable temporal accumulation]]
[2021.12.16-14.32.22:555][  0]LogConfig: Setting CVar [[r.DOF.Kernel.MaxForegroundRadius:0.025]]
[2021.12.16-14.32.22:555][  0]LogConfig: Setting CVar [[r.DOF.Kernel.MaxBackgroundRadius:0.025]]
[2021.12.16-14.32.22:555][  0]LogConfig: Applying CVar settings from Section [TextureQuality@3] File [C:/Users/game3/Documents/GitHub/UnrealLearning/UnrealBasicsTutorial/Saved/Config/Windows/Scalability.ini]
[2021.12.16-14.32.22:555][  0]LogConfig: Setting CVar [[r.Streaming.MipBias:0]]
[2021.12.16-14.32.22:555][  0]LogConfig: Setting CVar [[r.Streaming.AmortizeCPUToGPUCopy:0]]
[2021.12.16-14.32.22:555][  0]LogConfig: Setting CVar [[r.Streaming.MaxNumTexturesToStreamPerFrame:0]]
[2021.12.16-14.32.22:555][  0]LogConfig: Setting CVar [[r.Streaming.Boost:1]]
[2021.12.16-14.32.22:555][  0]LogConfig: Setting CVar [[r.MaxAnisotropy:8]]
[2021.12.16-14.32.22:555][  0]LogConfig: Setting CVar [[r.VT.MaxAnisotropy:8]]
[2021.12.16-14.32.22:555][  0]LogConfig: Setting CVar [[r.Streaming.LimitPoolSizeToVRAM:0]]
[2021.12.16-14.32.22:555][  0]LogConfig: Setting CVar [[r.Streaming.PoolSize:1000]]
[2021.12.16-14.32.22:555][  0]LogConfig: Setting CVar [[r.Streaming.MaxEffectiveScreenSize:0]]
[2021.12.16-14.32.22:555][  0]LogConfig: Applying CVar settings from Section [EffectsQuality@3] File [C:/Users/game3/Documents/GitHub/UnrealLearning/UnrealBasicsTutorial/Saved/Config/Windows/Scalability.ini]
[2021.12.16-14.32.22:555][  0]LogConfig: Setting CVar [[r.TranslucencyLightingVolumeDim:64]]
[2021.12.16-14.32.22:555][  0]LogConfig: Setting CVar [[r.RefractionQuality:2]]
[2021.12.16-14.32.22:555][  0]LogConfig: Setting CVar [[r.SSR.Quality:3]]
[2021.12.16-14.32.22:555][  0]LogConfig: Setting CVar [[r.SSR.HalfResSceneColor:0]]
[2021.12.16-14.32.22:555][  0]LogConfig: Setting CVar [[r.SceneColorFormat:4]]
[2021.12.16-14.32.22:555][  0]LogConfig: Setting CVar [[r.DetailMode:2]]
[2021.12.16-14.32.22:555][  0]LogConfig: Setting CVar [[r.TranslucencyVolumeBlur:1]]
[2021.12.16-14.32.22:555][  0]LogConfig: Setting CVar [[r.MaterialQualityLevel:1 ; High quality]]
[2021.12.16-14.32.22:555][  0]LogConfig: Setting CVar [[r.AnisotropicMaterials:1]]
[2021.12.16-14.32.22:555][  0]LogConfig: Setting CVar [[r.SSS.Scale:1]]
[2021.12.16-14.32.22:555][  0]LogConfig: Setting CVar [[r.SSS.SampleSet:2]]
[2021.12.16-14.32.22:555][  0]LogConfig: Setting CVar [[r.SSS.Quality:1]]
[2021.12.16-14.32.22:555][  0]LogConfig: Setting CVar [[r.SSS.HalfRes:0]]
[2021.12.16-14.32.22:555][  0]LogConfig: Setting CVar [[r.SSGI.Quality:3]]
[2021.12.16-14.32.22:555][  0]LogConfig: Setting CVar [[r.EmitterSpawnRateScale:1.0]]
[2021.12.16-14.32.22:555][  0]LogConfig: Setting CVar [[r.ParticleLightQuality:2]]
[2021.12.16-14.32.22:555][  0]LogConfig: Setting CVar [[r.SkyAtmosphere.AerialPerspectiveLUT.FastApplyOnOpaque:1 ; Always have FastSkyLUT 1 in this case to avoid wrong sky]]
[2021.12.16-14.32.22:555][  0]LogConfig: Setting CVar [[r.SkyAtmosphere.AerialPerspectiveLUT.SampleCountMaxPerSlice:4]]
[2021.12.16-14.32.22:555][  0]LogConfig: Setting CVar [[r.SkyAtmosphere.AerialPerspectiveLUT.DepthResolution:16.0]]
[2021.12.16-14.32.22:555][  0]LogConfig: Setting CVar [[r.SkyAtmosphere.FastSkyLUT:1]]
[2021.12.16-14.32.22:555][  0]LogConfig: Setting CVar [[r.SkyAtmosphere.FastSkyLUT.SampleCountMin:4.0]]
[2021.12.16-14.32.22:555][  0]LogConfig: Setting CVar [[r.SkyAtmosphere.FastSkyLUT.SampleCountMax:128.0]]
[2021.12.16-14.32.22:555][  0]LogConfig: Setting CVar [[r.SkyAtmosphere.SampleCountMin:4.0]]
[2021.12.16-14.32.22:555][  0]LogConfig: Setting CVar [[r.SkyAtmosphere.SampleCountMax:128.0]]
[2021.12.16-14.32.22:555][  0]LogConfig: Setting CVar [[r.SkyAtmosphere.TransmittanceLUT.UseSmallFormat:0]]
[2021.12.16-14.32.22:555][  0]LogConfig: Setting CVar [[r.SkyAtmosphere.TransmittanceLUT.SampleCount:10.0]]
[2021.12.16-14.32.22:555][  0]LogConfig: Setting CVar [[r.SkyAtmosphere.MultiScatteringLUT.SampleCount:15.0]]
[2021.12.16-14.32.22:555][  0]LogConfig: Setting CVar [[r.SkyLight.RealTimeReflectionCapture:1]]
[2021.12.16-14.32.22:555][  0]LogConfig: Applying CVar settings from Section [FoliageQuality@3] File [C:/Users/game3/Documents/GitHub/UnrealLearning/UnrealBasicsTutorial/Saved/Config/Windows/Scalability.ini]
[2021.12.16-14.32.22:555][  0]LogConfig: Setting CVar [[foliage.DensityScale:1.0]]
[2021.12.16-14.32.22:555][  0]LogConfig: Setting CVar [[grass.DensityScale:1.0]]
[2021.12.16-14.32.22:555][  0]LogConfig: Applying CVar settings from Section [ShadingQuality@3] File [C:/Users/game3/Documents/GitHub/UnrealLearning/UnrealBasicsTutorial/Saved/Config/Windows/Scalability.ini]
[2021.12.16-14.32.22:555][  0]LogConfig: Setting CVar [[r.HairStrands.SkyLighting.IntegrationType:2]]
[2021.12.16-14.32.22:555][  0]LogConfig: Setting CVar [[r.HairStrands.SkyAO.SampleCount:4]]
[2021.12.16-14.32.22:555][  0]LogConfig: Setting CVar [[r.HairStrands.Visibility.MSAA.SamplePerPixel:4]]
[2021.12.16-14.32.22:555][  0]LogConfig: Applying CVar settings from Section [Startup] File [../../../Engine/Config/ConsoleVariables.ini]
[2021.12.16-14.32.22:555][  0]LogConfig: Setting CVar [[net.UseAdaptiveNetUpdateFrequency:0]]
[2021.12.16-14.32.22:555][  0]LogConfig: Setting CVar [[p.chaos.AllowCreatePhysxBodies:1]]
[2021.12.16-14.32.22:555][  0]LogConfig: Setting CVar [[fx.SkipVectorVMBackendOptimizations:1]]
[2021.12.16-14.32.22:555][  0]LogConfig: Applying CVar settings from Section [ConsoleVariables] File [C:/Users/game3/Documents/GitHub/UnrealLearning/UnrealBasicsTutorial/Saved/Config/Windows/Engine.ini]
[2021.12.16-14.32.22:555][  0]LogConfig: Applying CVar settings from Section [ConsoleVariables] File [C:/Users/game3/Documents/GitHub/UnrealLearning/UnrealBasicsTutorial/Saved/Config/Windows/Editor.ini]
[2021.12.16-14.32.22:555][  0]LogInit: Computer: TLSS0109
[2021.12.16-14.32.22:555][  0]LogInit: User: game3
[2021.12.16-14.32.22:555][  0]LogInit: CPU Page size=4096, Cores=8
[2021.12.16-14.32.22:555][  0]LogInit: High frequency timer resolution =10.000000 MHz
[2021.12.16-14.32.22:555][  0]LogMemory: Memory total: Physical=15.8GB (16GB approx)
[2021.12.16-14.32.22:555][  0]LogMemory: Platform Memory Stats for Windows
[2021.12.16-14.32.22:555][  0]LogMemory: Process Physical Memory: 146.34 MB used, 146.34 MB peak
[2021.12.16-14.32.22:555][  0]LogMemory: Process Virtual Memory: 125.25 MB used, 125.25 MB peak
[2021.12.16-14.32.22:555][  0]LogMemory: Physical Memory: 7566.41 MB used,  8593.82 MB free, 16160.23 MB total
[2021.12.16-14.32.22:555][  0]LogMemory: Virtual Memory: 134206312.00 MB used,  11413.72 MB free, 134217728.00 MB total
[2021.12.16-14.32.22:558][  0]LogWindows: WindowsPlatformFeatures enabled
[2021.12.16-14.32.22:569][  0]LogInit: Physics initialised using underlying interface: PhysX
[2021.12.16-14.32.22:570][  0]LogInit: Using OS detected language (fr-FR).
[2021.12.16-14.32.22:570][  0]LogInit: Using OS detected locale (fr-FR).
[2021.12.16-14.32.22:573][  0]LogTextLocalizationManager: No specific localization for 'fr-FR' exists, so the 'fr' localization will be used.
[2021.12.16-14.32.22:573][  0]LogTextLocalizationResource: LocRes '../../../Engine/Content/Localization/Editor/fr/Editor.locres' could not be opened for reading!
[2021.12.16-14.32.22:573][  0]LogTextLocalizationResource: LocRes '../../../Engine/Content/Localization/EditorTutorials/fr/EditorTutorials.locres' could not be opened for reading!
[2021.12.16-14.32.22:573][  0]LogTextLocalizationResource: LocRes '../../../Engine/Content/Localization/Keywords/fr/Keywords.locres' could not be opened for reading!
[2021.12.16-14.32.22:573][  0]LogTextLocalizationResource: LocRes '../../../Engine/Content/Localization/Category/fr/Category.locres' could not be opened for reading!
[2021.12.16-14.32.22:573][  0]LogTextLocalizationResource: LocRes '../../../Engine/Content/Localization/ToolTips/fr/ToolTips.locres' could not be opened for reading!
[2021.12.16-14.32.22:573][  0]LogTextLocalizationResource: LocRes '../../../Engine/Content/Localization/PropertyNames/fr/PropertyNames.locres' could not be opened for reading!
[2021.12.16-14.32.22:573][  0]LogTextLocalizationResource: LocRes '../../../Engine/Content/Localization/Engine/fr/Engine.locres' could not be opened for reading!
[2021.12.16-14.32.22:574][  0]LogInit: Setting process to per monitor DPI aware
[2021.12.16-14.32.22:583][  0]LogWindowsTextInputMethodSystem: Display: IME system deactivated.
[2021.12.16-14.32.22:592][  0]LogSlate: New Slate User Created.  User Index 0, Is Virtual User: 0
[2021.12.16-14.32.22:592][  0]LogSlate: Slate User Registered.  User Index 0, Is Virtual User: 0
[2021.12.16-14.32.22:654][  0]LogD3D11RHI: Loaded GFSDK_Aftermath_Lib.x64.dll
[2021.12.16-14.32.22:656][  0]LogHMD: Failed to initialize OpenVR with code 110
[2021.12.16-14.32.22:656][  0]LogD3D11RHI: D3D11 min allowed feature level: 11_0
[2021.12.16-14.32.22:656][  0]LogD3D11RHI: D3D11 max allowed feature level: 11_0
[2021.12.16-14.32.22:656][  0]LogD3D11RHI: D3D11 adapters:
[2021.12.16-14.32.22:740][  0]LogD3D11RHI:    0. 'NVIDIA GeForce RTX 3070' (Feature Level 11_0)
[2021.12.16-14.32.22:740][  0]LogD3D11RHI:       8043/0/8080 MB DedicatedVideo/DedicatedSystem/SharedSystem, Outputs:1, VendorId:0x10de
[2021.12.16-14.32.22:785][  0]LogD3D11RHI:    1. 'Intel(R) UHD Graphics 750' (Feature Level 11_0)
[2021.12.16-14.32.22:785][  0]LogD3D11RHI:       128/0/8080 MB DedicatedVideo/DedicatedSystem/SharedSystem, Outputs:0, VendorId:0x8086
[2021.12.16-14.32.22:786][  0]LogD3D11RHI:    2. 'Microsoft Basic Render Driver' (Feature Level 11_0)
[2021.12.16-14.32.22:786][  0]LogD3D11RHI:       0/0/8080 MB DedicatedVideo/DedicatedSystem/SharedSystem, Outputs:0, VendorId:0x1414
[2021.12.16-14.32.22:786][  0]LogD3D11RHI: Chosen D3D11 Adapter:
[2021.12.16-14.32.22:786][  0]LogD3D11RHI:     Description : NVIDIA GeForce RTX 3070
[2021.12.16-14.32.22:786][  0]LogD3D11RHI:     VendorId    : 10de
[2021.12.16-14.32.22:786][  0]LogD3D11RHI:     DeviceId    : 2484
[2021.12.16-14.32.22:786][  0]LogD3D11RHI:     SubSysId    : 88dc103c
[2021.12.16-14.32.22:786][  0]LogD3D11RHI:     Revision    : 00a1
[2021.12.16-14.32.22:786][  0]LogD3D11RHI:     DedicatedVideoMemory : 8433696768 bytes
[2021.12.16-14.32.22:786][  0]LogD3D11RHI:     DedicatedSystemMemory : 0 bytes
[2021.12.16-14.32.22:786][  0]LogD3D11RHI:     SharedSystemMemory : 8472612864 bytes
[2021.12.16-14.32.22:786][  0]LogD3D11RHI:     AdapterLuid : 0 51612
[2021.12.16-14.32.22:791][  0]LogD3D11RHI: Creating new Direct3DDevice
[2021.12.16-14.32.22:791][  0]LogD3D11RHI:     GPU DeviceId: 0x2484 (for the marketing name, search the web for "GPU Device Id")
[2021.12.16-14.32.22:791][  0]LogWindows: EnumDisplayDevices:
[2021.12.16-14.32.22:791][  0]LogWindows:    0. 'NVIDIA GeForce RTX 3070' (P:1 D:1)
[2021.12.16-14.32.22:791][  0]LogWindows:    1. 'NVIDIA GeForce RTX 3070' (P:0 D:0)
[2021.12.16-14.32.22:791][  0]LogWindows:    2. 'NVIDIA GeForce RTX 3070' (P:0 D:0)
[2021.12.16-14.32.22:791][  0]LogWindows:    3. 'NVIDIA GeForce RTX 3070' (P:0 D:0)
[2021.12.16-14.32.22:792][  0]LogWindows:    4. 'Intel(R) UHD Graphics 750' (P:0 D:0)
[2021.12.16-14.32.22:792][  0]LogWindows:    5. 'Intel(R) UHD Graphics 750' (P:0 D:0)
[2021.12.16-14.32.22:792][  0]LogWindows:    6. 'Intel(R) UHD Graphics 750' (P:0 D:0)
[2021.12.16-14.32.22:792][  0]LogWindows: DebugString: PrimaryIsNotTheChoosenAdapter PrimaryIsNotTheChoosenAdapter PrimaryIsNotTheChoosenAdapter FoundDriverCount:4 
[2021.12.16-14.32.22:792][  0]LogD3D11RHI:     Adapter Name: NVIDIA GeForce RTX 3070
[2021.12.16-14.32.22:792][  0]LogD3D11RHI:   Driver Version: 462.30 (internal:27.21.14.6230, unified:462.30)
[2021.12.16-14.32.22:792][  0]LogD3D11RHI:      Driver Date: 4-5-2021
[2021.12.16-14.32.22:792][  0]LogRHI: Texture pool is 5630 MB (70% of 8043 MB)
[2021.12.16-14.32.22:792][  0]LogD3D11RHI: Creating D3DDevice using adapter:
[2021.12.16-14.32.22:792][  0]LogD3D11RHI:     Description : NVIDIA GeForce RTX 3070
[2021.12.16-14.32.22:792][  0]LogD3D11RHI:     VendorId    : 10de
[2021.12.16-14.32.22:792][  0]LogD3D11RHI:     DeviceId    : 2484
[2021.12.16-14.32.22:792][  0]LogD3D11RHI:     SubSysId    : 88dc103c
[2021.12.16-14.32.22:792][  0]LogD3D11RHI:     Revision    : 00a1
[2021.12.16-14.32.22:792][  0]LogD3D11RHI:     DedicatedVideoMemory : 8433696768 bytes
[2021.12.16-14.32.22:792][  0]LogD3D11RHI:     DedicatedSystemMemory : 0 bytes
[2021.12.16-14.32.22:792][  0]LogD3D11RHI:     SharedSystemMemory : 8472612864 bytes
[2021.12.16-14.32.22:792][  0]LogD3D11RHI:     AdapterLuid : 0 51612
[2021.12.16-14.32.22:845][  0]LogD3D11RHI: RHI has support for 64 bit atomics
[2021.12.16-14.32.22:845][  0]LogD3D11RHI: Async texture creation enabled
[2021.12.16-14.32.22:845][  0]LogD3D11RHI: Array index from any shader is supported
[2021.12.16-14.32.22:860][  0]LogD3D11RHI: GPU Timing Frequency: 1000.000000 (Debug: 2 1)
[2021.12.16-14.32.22:874][  0]LogRHI: GeForceNow SDK initialized: 1
[2021.12.16-14.32.23:069][  0]LogTargetPlatformManager: Display: Loaded TargetPlatform 'AllDesktop'
[2021.12.16-14.32.23:082][  0]LogTargetPlatformManager: Display: Loaded TargetPlatform 'Android'
[2021.12.16-14.32.23:082][  0]LogTargetPlatformManager: Display: Loaded TargetPlatform 'Android_ASTC'
[2021.12.16-14.32.23:082][  0]LogTargetPlatformManager: Display: Loaded TargetPlatform 'Android_DXT'
[2021.12.16-14.32.23:082][  0]LogTargetPlatformManager: Display: Loaded TargetPlatform 'Android_ETC2'
[2021.12.16-14.32.23:082][  0]LogTargetPlatformManager: Display: Loaded TargetPlatform 'AndroidClient'
[2021.12.16-14.32.23:082][  0]LogTargetPlatformManager: Display: Loaded TargetPlatform 'Android_ASTCClient'
[2021.12.16-14.32.23:082][  0]LogTargetPlatformManager: Display: Loaded TargetPlatform 'Android_DXTClient'
[2021.12.16-14.32.23:082][  0]LogTargetPlatformManager: Display: Loaded TargetPlatform 'Android_ETC2Client'
[2021.12.16-14.32.23:082][  0]LogTargetPlatformManager: Display: Loaded TargetPlatform 'Android_Multi'
[2021.12.16-14.32.23:082][  0]LogTargetPlatformManager: Display: Loaded TargetPlatform 'Android_MultiClient'
[2021.12.16-14.32.23:093][  0]LogTargetPlatformManager: Display: Loaded TargetPlatform 'IOSClient'
[2021.12.16-14.32.23:093][  0]LogTargetPlatformManager: Display: Loaded TargetPlatform 'IOS'
[2021.12.16-14.32.23:098][  0]LogTargetPlatformManager: Display: Loaded TargetPlatform 'Linux'
[2021.12.16-14.32.23:101][  0]LogTargetPlatformManager: Display: Loaded TargetPlatform 'LinuxNoEditor'
[2021.12.16-14.32.23:103][  0]LogTargetPlatformManager: Display: Loaded TargetPlatform 'LinuxClient'
[2021.12.16-14.32.23:106][  0]LogTargetPlatformManager: Display: Loaded TargetPlatform 'LinuxServer'
[2021.12.16-14.32.23:111][  0]LogTargetPlatformManager: Display: Loaded TargetPlatform 'LinuxAArch64NoEditor'
[2021.12.16-14.32.23:113][  0]LogTargetPlatformManager: Display: Loaded TargetPlatform 'LinuxAArch64Client'
[2021.12.16-14.32.23:116][  0]LogTargetPlatformManager: Display: Loaded TargetPlatform 'LinuxAArch64Server'
[2021.12.16-14.32.23:129][  0]LogTargetPlatformManager: Display: Loaded TargetPlatform 'Lumin'
[2021.12.16-14.32.23:129][  0]LogTargetPlatformManager: Display: Loaded TargetPlatform 'LuminClient'
[2021.12.16-14.32.23:134][  0]LogTargetPlatformManager: Display: Loaded TargetPlatform 'MacNoEditor'
[2021.12.16-14.32.23:137][  0]LogTargetPlatformManager: Display: Loaded TargetPlatform 'Mac'
[2021.12.16-14.32.23:140][  0]LogTargetPlatformManager: Display: Loaded TargetPlatform 'MacClient'
[2021.12.16-14.32.23:142][  0]LogTargetPlatformManager: Display: Loaded TargetPlatform 'MacServer'
[2021.12.16-14.32.23:148][  0]LogTargetPlatformManager: Display: Loaded TargetPlatform 'TVOSClient'
[2021.12.16-14.32.23:148][  0]LogTargetPlatformManager: Display: Loaded TargetPlatform 'TVOS'
[2021.12.16-14.32.23:153][  0]LogTargetPlatformManager: Display: Loaded TargetPlatform 'WindowsNoEditor'
[2021.12.16-14.32.23:156][  0]LogTargetPlatformManager: Display: Loaded TargetPlatform 'Windows'
[2021.12.16-14.32.23:159][  0]LogTargetPlatformManager: Display: Loaded TargetPlatform 'WindowsClient'
[2021.12.16-14.32.23:161][  0]LogTargetPlatformManager: Display: Loaded TargetPlatform 'WindowsServer'
[2021.12.16-14.32.23:161][  0]LogTargetPlatformManager: Display: Building Assets For Windows
[2021.12.16-14.32.23:165][  0]LogAudioDebug: Display: Lib vorbis DLL was dynamically loaded.
[2021.12.16-14.32.23:182][  0]LogTextureFormatOodle: Display: Oodle Texture 2.9.0 init RDO Off
[2021.12.16-14.32.23:199][  0]LogRendererCore: Ray tracing is disabled. Reason: r.RayTracing=0.
[2021.12.16-14.32.23:199][  0]LogShaderCompilers: Guid format shader working directory is -35 characters bigger than the processId version (../../../../../../Users/game3/Documents/GitHub/UnrealLearning/UnrealBasicsTutorial/Intermediate/Shaders/WorkingDirectory/436/).
[2021.12.16-14.32.23:199][  0]LogShaderCompilers: Cleaned the shader compiler working directory 'C:/Users/game3/AppData/Local/Temp/UnrealShaderWorkingDir/CB1B86344A4893EA3FAFD49310E03FC1/'.
[2021.12.16-14.32.23:200][  0]LogXGEController: Cannot use XGE Controller as Incredibuild is not installed on this machine.
[2021.12.16-14.32.23:200][  0]LogShaderCompilers: Cannot use XGE Shader Compiler as Incredibuild is not installed on this machine.
[2021.12.16-14.32.23:200][  0]LogShaderCompilers: Display: Using Local Shader Compiler.
[2021.12.16-14.32.23:716][  0]LogDerivedDataCache: Display: Max Cache Size: 512 MB
[2021.12.16-14.32.23:766][  0]LogDerivedDataCache: Loaded boot cache 0.05s 103MB C:/Users/game3/AppData/Local/UnrealEngine/4.27/DerivedDataCache/Boot.ddc.
[2021.12.16-14.32.23:766][  0]LogDerivedDataCache: Display: Loaded Boot cache: C:/Users/game3/AppData/Local/UnrealEngine/4.27/DerivedDataCache/Boot.ddc
[2021.12.16-14.32.23:766][  0]LogDerivedDataCache: FDerivedDataBackendGraph:  Pak pak cache file ../../../../../../Users/game3/Documents/GitHub/UnrealLearning/UnrealBasicsTutorial/DerivedDataCache/DDC.ddp not found, will not use a pak cache.
[2021.12.16-14.32.23:766][  0]LogDerivedDataCache: Unable to find inner node Pak for hierarchical cache Hierarchy.
[2021.12.16-14.32.23:766][  0]LogDerivedDataCache: FDerivedDataBackendGraph:  CompressedPak pak cache file ../../../../../../Users/game3/Documents/GitHub/UnrealLearning/UnrealBasicsTutorial/DerivedDataCache/Compressed.ddp not found, will not use a pak cache.
[2021.12.16-14.32.23:766][  0]LogDerivedDataCache: Unable to find inner node CompressedPak for hierarchical cache Hierarchy.
[2021.12.16-14.32.23:779][  0]LogDerivedDataCache: Display: Pak cache opened for reading ../../../Engine/DerivedDataCache/Compressed.ddp.
[2021.12.16-14.32.23:779][  0]LogDerivedDataCache: FDerivedDataBackendGraph:  EnterprisePak pak cache file ../../../Enterprise/DerivedDataCache/Compressed.ddp not found, will not use a pak cache.
[2021.12.16-14.32.23:779][  0]LogDerivedDataCache: Unable to find inner node EnterprisePak for hierarchical cache Hierarchy.
[2021.12.16-14.32.23:793][  0]LogDerivedDataCache: Speed tests for C:/Users/game3/AppData/Local/UnrealEngine/Common/DerivedDataCache took 0.01 seconds
[2021.12.16-14.32.23:793][  0]LogDerivedDataCache: Display: Performance to C:/Users/game3/AppData/Local/UnrealEngine/Common/DerivedDataCache: Latency=0.01ms. RandomReadSpeed=2331.80MBs, RandomWriteSpeed=69.21MBs. Assigned SpeedClass 'Local'
[2021.12.16-14.32.23:793][  0]LogDerivedDataCache: Using Local data cache path C:/Users/game3/AppData/Local/UnrealEngine/Common/DerivedDataCache: Writable
[2021.12.16-14.32.23:793][  0]LogDerivedDataCache: Shared data cache path not found in *engine.ini, will not use an Shared cache.
[2021.12.16-14.32.23:793][  0]LogDerivedDataCache: Unable to find inner node Shared for hierarchical cache Hierarchy.
[2021.12.16-14.32.23:827][  0]LogSlate: Using FreeType 2.10.0
[2021.12.16-14.32.23:827][  0]LogSlate: SlateFontServices - WITH_FREETYPE: 1, WITH_HARFBUZZ: 1
[2021.12.16-14.32.23:846][  0]LogAssetRegistry: FAssetRegistry took 0.0024 seconds to start up
[2021.12.16-14.32.24:005][  0]LogInit: Selected Device Profile: [Windows]
[2021.12.16-14.32.24:005][  0]LogInit: Active device profile: [000002AD17BE0F00][000002AD17018300 49] Windows
[2021.12.16-14.32.24:005][  0]LogInit: Profiles: [000002AD17BE0F00][000002AD17018300 49] Windows, [000002AD17B8E400][000002AD17020480 49] WindowsNoEditor, [000002AD17BE1F00][000002AD17024600 49] WindowsServer, [000002AD17B8D600][000002AD1701C740 49] WindowsClient, [000002AD17BE1000][000002AD17028880 49] IOS, [000002AD17B8FA00][000002AD1702C9C0 49] iPadAir, [000002AD17BE3300][000002AD17030B00 49] iPadAir2, [000002AD17B45300][000002AD1703CDC0 49] IPadPro, [000002AD17B45400][000002AD17038E00 49] iPadAir3, [000002AD17B8CB00][000002AD17040F80 49] iPadAir4, [000002AD17B46100][000002AD17045100 49] iPadMini2, [000002AD17B8F400][000002AD17049280 49] iPadMini3, [000002AD17B46C00][000002AD1704D400 49] iPadMini4, [000002AD17B8E700][000002AD17051580 49] iPadMini5, [000002AD17BA0E00][000002AD17059840 49] iPhone6, [000002AD17BA0F00][000002AD17055880 49] iPodTouch6, [000002AD17BE3700][000002AD17061B40 49] iPhone7, [000002AD17BE2800][000002AD1705DB80 49] iPodTouch7, [000002AD17B44C00][000002AD17068180 49] iPhone5S, [000002AD17BE1300][000002AD17070300 49] iPhone6Plus, [000002AD17BE0600][000002AD1707C480 49] iPhone6S, [000002AD17BA1300][000002AD0D26E600 49] iPhone6SPlus, [000002AD17BE0B00][000002AD13B8E780 49] iPhone7Plus, [000002AD17BA1600][000002AD1817E900 49] iPhoneSE, [000002AD17BE0A00][000002AD17034A40 49] iPhone8, [000002AD17BA1200][000002AD182D0B80 49] iPhone8Plus, [000002AD17B46B00][000002AD182D4CC0 49] iPhoneX, [000002AD17BA0C00][000002AD14AE8E40 49] iPhoneXS, [000002AD17B47A00][000002AD14AF0FC0 49] iPhoneXSMax, [000002AD17BA3800][000002AD18469140 49] iPhoneXR, [000002AD17B44D00][000002AD181672C0 49] iPhone11, [000002AD17BA2600][000002AD1816B440 49] iPhone11Pro, [000002AD17B46900][000002AD076775C0 49] iPhone11ProMax, [000002AD17BA0200][000002AD1816F740 49] iPhoneSE2, [000002AD17B44B00][000002AD184798C0 49] iPhone12Mini, [000002AD17BA2A00][000002AD18485A40 49] iPhone12, [000002AD17B46E00][000002AD0E011BC0 49] iPhone12Pro, [000002AD17BA0A00][000002AD0E0141C0 49] iPhone12ProMax, [000002AD17B47200][000002AD14AF8340 49] iPadPro105, [000002AD17BA3600][000002AD14AFC4C0 49] iPadPro129, [000002AD17B46000][000002AD14B70640 49] iPadPro97, [000002AD17BA2000][000002AD14B747C0 49] iPadPro2_129, [000002AD17B46400][000002AD14B78940 49] iPad5, [000002AD17BA1400][000002AD14B7CAC0 49] iPad6, [000002AD17B45000][000002AD14AE4C00 49] iPad7, [000002AD17BA1700][000002AD14B80D40 49] iPad8, [000002AD17B47C00][000002AD14B84E80 49] iPadPro11, [000002AD17BA1800][000002AD14B88FC0 49] iPadPro2_11, [000002AD17B44600][000002AD14B91140 49] iPadPro3_129, [000002AD17BA0D00][000002AD182B12C0 49] iPadPro4_129, [000002AD17B47100][000002AD182B5440 49] AppleTV, [000002AD17BA0800][000002AD182BD5C0 49] AppleTV4K, [000002AD17B44500][000002AD182C5740 49] TVOS, [000002AD17BA0500][000002AD182C98C0 49] Mac, [000002AD17B44700][000002AD182CDA40 49] MacClient, [000002AD17BA1500][000002AD13B6FBC0 49] MacNoEditor, [000002AD17B45500][000002AD13B8A1C0 49] MacServer, [000002AD17BA2E00][000002AD18728340 49] Linux, [000002AD17B44400][000002AD188464C0 49] LinuxAArch64, [000002AD17BA1E00][000002AD18854640 49] LinuxNoEditor, [000002AD17B45C00][000002AD188587C0 49] LinuxAArch64NoEditor, [000002AD17BA2900][000002AD1885C940 49] LinuxClient, [000002AD17B46D00][000002AD18860AC0 49] LinuxAArch64Client, [000002AD17BA0100][000002AD18864C40 49] LinuxServer, [000002AD17B45E00][000002AD14B8CD80 49] LinuxAArch64Server, [000002AD17BA0B00][000002AD189ECEC0 49] Android, [000002AD17B45A00][000002AD0E019000 49] Android_Low, [000002AD17BA2F00][000002AD0E01D140 49] Android_Mid, [000002AD17B45100][000002AD0E0252C0 49] Android_High, [000002AD17BA3000][000002AD0E029440 49] Android_Default, [000002AD17B45700][000002AD0E04F5C0 49] Android_Adreno4xx, [000002AD17BA1900][000002AD18A2D740 49] Android_Adreno5xx_Low, [000002AD17B44A00][000002AD14B3B8C0 49] Android_Adreno5xx, [000002AD17BA3400][000002AD14B3FA40 49] Android_Adreno6xx, [000002AD17B44E00][000002AD14B43BC0 49] Android_Adreno6xx_Vulkan, [000002AD17BA3100][000002AD14B4A1C0 49] Android_Mali_T6xx, [000002AD17BE2F00][000002AD18AEA340 49] Android_Mali_T7xx, [000002AD17B8C800][000002AD18AEE4C0 49] Android_Mali_T8xx, [000002AD17BE1200][000002AD18AF2640 49] Android_Mali_G71, [000002AD17B8CE00][000002AD18D447C0 49] Android_Mali_G72, [000002AD17BE1100][000002AD14B4E940 49] Android_Mali_G72_Vulkan, [000002AD17B8E500][000002AD14B52AC0 49] Android_Mali_G76, [000002AD17BE1500][000002AD14B56C40 49] Android_Mali_G76_Vulkan, [000002AD17B8E000][000002AD14B5ADC0 49] Android_Mali_G77, [000002AD17BE3F00][000002AD14B5EF40 49] Android_Mali_G77_Vulkan, [000002AD17B8DD00][000002AD0E021080 49] Android_Mali_G78, [000002AD17BE0300][000002AD14B631C0 49] Android_Mali_G78_Vulkan, [000002AD17B8C400][000002AD14B67300 49] Android_Mali_G710, [000002AD17BE3600][000002AD18B23480 49] Android_Mali_G710_Vulkan, [000002AD17B8F100][000002AD14B6B600 49] Android_Vulkan_SM5, [000002AD17BE0900][000002AD1821D780 49] Android_PowerVR_G6xxx, [000002AD17B8CA00][000002AD18221900 49] Android_PowerVR_GT7xxx, [000002AD17BE0D00][000002AD18225A80 49] Android_PowerVR_GE8xxx, [000002AD17B8FC00][000002AD18229C00 49] Android_PowerVR_GM9xxx, [000002AD17BE2300][000002AD1822C200 49] Android_PowerVR_GM9xxx_Vulkan, [000002AD17B8D200][000002AD182C0380 49] Android_TegraK1, [000002AD17BE2A00][000002AD182B8500 49] Android_Unknown_Vulkan, [000002AD17B8F000][000002AD18172680 49] Lumin, [000002AD17BE1C00][000002AD18176800 49] Lumin_Desktop, [000002AD17B8EE00][000002AD18230980 49] HoloLens, 
[2021.12.16-14.32.24:086][  0]LogMeshReduction: Using QuadricMeshReduction for automatic static mesh reduction
[2021.12.16-14.32.24:086][  0]LogMeshReduction: Using SimplygonMeshReduction for automatic skeletal mesh reduction
[2021.12.16-14.32.24:086][  0]LogMeshReduction: Using ProxyLODMeshReduction for automatic mesh merging
[2021.12.16-14.32.24:086][  0]LogMeshReduction: No distributed automatic mesh merging module available
[2021.12.16-14.32.24:086][  0]LogMeshMerging: No distributed automatic mesh merging module available
[2021.12.16-14.32.24:096][  0]LogNetVersion: UnrealBasicsTutorial 1.0.0, NetCL: 17155196, EngineNetVer: 17, GameNetVer: 0 (Checksum: 1830301439)
[2021.12.16-14.32.24:337][  0]LogTexture: Default maximum texture size for cubemaps generated from long-lat sources has been changed from 512 to unlimited. In order to preserve old behaiour for '/Engine/MapTemplates/Sky/DaylightAmbientCubemap.DaylightAmbientCubemap', its maximum texture size has been explicitly set to 512.
[2021.12.16-14.32.24:380][  0]LogHMD: PokeAHoleMaterial loaded successfully
[2021.12.16-14.32.24:385][  0]LogUObjectArray: 17178 objects as part of root set at end of initial load.
[2021.12.16-14.32.24:385][  0]LogUObjectAllocator: 4302048 out of 0 bytes used by permanent object pool.
[2021.12.16-14.32.24:385][  0]LogUObjectArray: CloseDisregardForGC: 0/0 objects in disregard for GC pool
[2021.12.16-14.32.24:535][  0]LogPython: Using Python 3.7.7
[2021.12.16-14.32.24:971][  0]LogNiagaraDebuggerClient: Niagara Debugger Client Initialized | Session: 39912A1E40837E4C5545AA9B84DD0941 | Instance: E61A86C447CAB22CA4D925817A8DBE28 (TLSS0109-436).
[2021.12.16-14.32.25:009][  0]LogTcpMessaging: Initializing TcpMessaging bridge
[2021.12.16-14.32.25:012][  0]LogUdpMessaging: Initializing bridge on interface 0.0.0.0:0 to multicast group 230.0.0.1:6666.
[2021.12.16-14.32.25:230][  0]SourceControl: Source control is disabled
[2021.12.16-14.32.25:230][  0]SourceControl: Source control is disabled
[2021.12.16-14.32.25:237][  0]SourceControl: Source control is disabled
[2021.12.16-14.32.25:240][  0]SourceControl: Source control is disabled
[2021.12.16-14.32.25:253][  0]SourceControl: Source control is disabled
[2021.12.16-14.32.25:343][  0]LogUProjectInfo: Found projects:
[2021.12.16-14.32.25:370][  0]LogOpenImageDenoise: OIDN starting up
[2021.12.16-14.32.25:394][  0]LogAndroidPermission: UAndroidPermissionCallbackProxy::GetInstance
[2021.12.16-14.32.25:405][  0]LogAudioCaptureCore: Display: No Audio Capture implementations found. Audio input will be silent.
[2021.12.16-14.32.25:405][  0]LogAudioCaptureCore: Display: No Audio Capture implementations found. Audio input will be silent.
[2021.12.16-14.32.25:485][  0]LogCollectionManager: Loaded 0 collections in 0.001174 seconds
[2021.12.16-14.32.25:501][  0]LogFileCache: Scanning file cache for directory 'C:/Users/game3/Documents/GitHub/UnrealLearning/UnrealBasicsTutorial/Saved/Collections/' took 0.00s
[2021.12.16-14.32.25:501][  0]LogFileCache: Scanning file cache for directory 'C:/Users/game3/Documents/GitHub/UnrealLearning/UnrealBasicsTutorial/Content/Developers/game3/Collections/' took 0.00s
[2021.12.16-14.32.25:501][  0]LogFileCache: Scanning file cache for directory 'C:/Users/game3/Documents/GitHub/UnrealLearning/UnrealBasicsTutorial/Content/Collections/' took 0.00s
[2021.12.16-14.32.25:501][  0]LogOcInput: OculusInput pre-init called
[2021.12.16-14.32.25:654][  0]LogEngine: Initializing Engine...
[2021.12.16-14.32.25:657][  0]LogHMD: Failed to enumerate extensions. Please check that you have a valid OpenXR runtime installed.
[2021.12.16-14.32.25:657][  0]LogHMD: Failed to initialize OpenVR with code 110
[2021.12.16-14.32.25:657][  0]LogMagicLeap: Warning: VR disabled because ZI is not enabled.  To enable, in the editor, Edit -> Project Settings -> Plugins -> Magic Leap Plugin -> Enable Zero Iteration
[2021.12.16-14.32.25:657][  0]LogStats: UGameplayTagsManager::InitializeManager -  0.000 s
[2021.12.16-14.32.25:740][  0]LogInit: Initializing FReadOnlyCVARCache
[2021.12.16-14.32.25:745][  0]LogAIModule: Creating AISystem for world Untitled
[2021.12.16-14.32.25:756][  0]LogAudio: Display: Initializing Audio Device Manager...
[2021.12.16-14.32.25:758][  0]LogAudio: Display: Loading Default Audio Settings Objects...
[2021.12.16-14.32.25:759][  0]LogAudio: Display: No default SoundConcurrencyObject specified (or failed to load).
[2021.12.16-14.32.25:759][  0]LogAudio: Display: Audio Device Manager Initialized
[2021.12.16-14.32.25:759][  0]LogAudio: Display: Creating Audio Device:                 Id: 1, Scope: Shared, Realtime: True
[2021.12.16-14.32.25:759][  0]LogAudioMixer: Display: Audio Mixer Platform Settings:
[2021.12.16-14.32.25:759][  0]LogAudioMixer: Display: 	Sample Rate:						  48000
[2021.12.16-14.32.25:759][  0]LogAudioMixer: Display: 	Callback Buffer Frame Size Requested: 1024
[2021.12.16-14.32.25:759][  0]LogAudioMixer: Display: 	Callback Buffer Frame Size To Use:	  1024
[2021.12.16-14.32.25:759][  0]LogAudioMixer: Display: 	Number of buffers to queue:			  2
[2021.12.16-14.32.25:759][  0]LogAudioMixer: Display: 	Max Channels (voices):				  32
[2021.12.16-14.32.25:759][  0]LogAudioMixer: Display: 	Number of Async Source Workers:		  0
[2021.12.16-14.32.25:759][  0]LogAudio: Display: AudioDevice MaxSources: 32
[2021.12.16-14.32.25:759][  0]LogAudio: Display: Audio Spatialization Plugin: None (built-in).
[2021.12.16-14.32.25:759][  0]LogAudio: Display: Audio Reverb Plugin: None (built-in).
[2021.12.16-14.32.25:759][  0]LogAudio: Display: Audio Occlusion Plugin: None (built-in).
[2021.12.16-14.32.25:759][  0]LogAudioMixer: Display: Initializing audio mixer.
[2021.12.16-14.32.25:764][  0]LogAudioMixer: Display: 0: FrontLeft
[2021.12.16-14.32.25:764][  0]LogAudioMixer: Display: 1: FrontRight
[2021.12.16-14.32.25:778][  0]LogAudioMixer: Display: Using Audio Device Casque (Realtek(R) Audio)
[2021.12.16-14.32.25:780][  0]LogAudioMixer: Display: Initializing Sound Submixes...
[2021.12.16-14.32.25:781][  0]LogAudioMixer: Display: Creating Master Submix 'MasterSubmixDefault'
[2021.12.16-14.32.25:781][  0]LogAudioMixer: Display: Creating Master Submix 'MasterReverbSubmixDefault'
[2021.12.16-14.32.25:782][  0]LogAudioMixer: Display: Creating Master Submix 'MasterEQSubmixDefault'
[2021.12.16-14.32.25:782][  0]LogAudioMixer: FMixerPlatformXAudio2::StartAudioStream() called
[2021.12.16-14.32.25:782][  0]LogAudioMixer: Display: Output buffers initialized: Frames=1024, Channels=2, Samples=2048
[2021.12.16-14.32.25:783][  0]LogAudioMixer: Display: Starting AudioMixerPlatformInterface::RunInternal()
[2021.12.16-14.32.25:783][  0]LogAudioMixer: Display: FMixerPlatformXAudio2::SubmitBuffer() called for the first time
[2021.12.16-14.32.25:783][  0]LogInit: FAudioDevice initialized.
[2021.12.16-14.32.25:783][  0]LogAudio: Display: Audio Device (ID: 1) registered with world 'Untitled'.
[2021.12.16-14.32.25:783][  0]LogNetVersion: Set ProjectVersion to 1.0.0.0. Version Checksum will be recalculated on next use.
[2021.12.16-14.32.25:855][  0]LogDerivedDataCache: Saved boot cache 0.07s 103MB C:/Users/game3/AppData/Local/UnrealEngine/4.27/DerivedDataCache/Boot.ddc.
[2021.12.16-14.32.25:857][  0]LogInit: Texture streaming: Enabled
[2021.12.16-14.32.25:864][  0]LogAnalytics: Display: [UEEditor.Rocket.Release] APIServer = https://datarouter.ol.epicgames.com/. AppVersion = 4.27.2-18319896+++UE4+Release-4.27
[2021.12.16-14.32.25:866][  0]LogEngineSessionManager: EngineSessionManager initialized
[2021.12.16-14.32.25:866][  0]LogEditorSessionSummary: Verbose: Initializing EditorSessionSummaryWriter for editor session tracking
[2021.12.16-14.32.25:867][  0]LogEditorSessionSummary: EditorSessionSummaryWriter initialized
[2021.12.16-14.32.25:891][  0]LogInit: Transaction tracking system initialized
[2021.12.16-14.32.25:903][  0]BlueprintLog: New page: Editor Load
[2021.12.16-14.32.25:938][  0]LocalizationService: Localization service is disabled
[2021.12.16-14.32.25:951][  0]TimingProfiler: Initialize
[2021.12.16-14.32.25:951][  0]TimingProfiler: OnSessionChanged
[2021.12.16-14.32.25:951][  0]LoadingProfiler: Initialize
[2021.12.16-14.32.25:951][  0]LoadingProfiler: OnSessionChanged
[2021.12.16-14.32.25:951][  0]NetworkingProfiler: Initialize
[2021.12.16-14.32.25:951][  0]NetworkingProfiler: OnSessionChanged
[2021.12.16-14.32.25:951][  0]MemoryProfiler: Initialize
[2021.12.16-14.32.25:951][  0]MemoryProfiler: OnSessionChanged
[2021.12.16-14.32.26:041][  0]LogCook: Display: CookSettings for Memory: MemoryMaxUsedVirtual 0MiB, MemoryMaxUsedPhysical 16384MiB, MemoryMinFreeVirtual 0MiB, MemoryMinFreePhysical 1024MiB
[2021.12.16-14.32.26:041][  0]LogCook: Display: Mobile HDR setting 1
[2021.12.16-14.32.26:153][  0]LogFileCache: Scanning file cache for directory 'C:/Users/game3/Documents/GitHub/UnrealLearning/UnrealBasicsTutorial/Content/' took 0.00s
[2021.12.16-14.32.26:284][  0]LogInit: Display: Engine is initialized. Leaving FEngineLoop::Init()
[2021.12.16-14.32.26:286][  0]SourceControl: Source control is disabled
[2021.12.16-14.32.26:286][  0]LogUnrealEdMisc: Loading editor; pre map load, took 4.281
[2021.12.16-14.32.26:286][  0]Cmd: MAP LOAD FILE="../../../../../../Users/game3/Documents/GitHub/UnrealLearning/UnrealBasicsTutorial/Content/ThirdPersonCPP/Maps/ThirdPersonExampleMap.umap" TEMPLATE=0 SHOWPROGRESS=1 FEATURELEVEL=3
[2021.12.16-14.32.26:286][  0]LightingResults: New page: Lighting Build
[2021.12.16-14.32.26:287][  0]LogWorld: UWorld::CleanupWorld for Untitled, bSessionEnded=true, bCleanupResources=true
[2021.12.16-14.32.26:287][  0]LogSlate: InvalidateAllWidgets triggered.  All widgets were invalidated
[2021.12.16-14.32.26:288][  0]MapCheck: New page: Map Check
[2021.12.16-14.32.26:288][  0]LightingResults: New page: Lighting Build
[2021.12.16-14.32.26:291][  0]LogAudio: Display: Audio Device unregistered from world 'None'.
[2021.12.16-14.32.26:294][  0]LogUObjectHash: Compacting FUObjectHashTables data took   0.60ms
[2021.12.16-14.32.26:411][  0]LogAudio: Display: Audio Device (ID: 1) registered with world 'ThirdPersonExampleMap'.
[2021.12.16-14.32.26:411][  0]LogAIModule: Creating AISystem for world ThirdPersonExampleMap
[2021.12.16-14.32.26:415][  0]LogEditorServer: Finished looking for orphan Actors (0.000 secs)
[2021.12.16-14.32.26:420][  0]LogUObjectHash: Compacting FUObjectHashTables data took   0.61ms
[2021.12.16-14.32.26:421][  0]Cmd: MAP CHECKDEP NOCLEARLOG
[2021.12.16-14.32.26:421][  0]MapCheck: Map check complete: 0 Error(s), 0 Warning(s), took 0,206ms to complete.
[2021.12.16-14.32.26:421][  0]LogFileHelpers: Loading map 'ThirdPersonExampleMap' took 0.135
[2021.12.16-14.32.26:423][  0]LogUnrealEdMisc: Total Editor Startup Time, took 4.418
[2021.12.16-14.32.26:543][  0]LogSlate: Updating window title bar state: overlay mode, drag disabled, window buttons hidden, title bar hidden
[2021.12.16-14.32.26:547][  0]LogSlate: Updating window title bar state: overlay mode, drag disabled, window buttons hidden, title bar hidden
[2021.12.16-14.32.26:550][  0]LogSlate: Updating window title bar state: overlay mode, drag disabled, window buttons hidden, title bar hidden
[2021.12.16-14.32.26:553][  0]LogSlate: Updating window title bar state: overlay mode, drag disabled, window buttons hidden, title bar hidden
[2021.12.16-14.32.26:565][  0]LogNativeClassHierarchy: Verbose: Native class hierarchy populated in 0.0065 seconds. Added 3826 classes and 930 folders.
[2021.12.16-14.32.26:568][  0]LogNativeClassHierarchy: Verbose: Native class hierarchy updated for 'WidgetCarousel' in 0.0002 seconds. Added 0 classes and 0 folders.
[2021.12.16-14.32.26:571][  0]LogPakFile: PakFile PrimaryIndexSize=187
[2021.12.16-14.32.26:571][  0]LogPakFile: PakFile PathHashIndexSize=101
[2021.12.16-14.32.26:571][  0]LogPakFile: PakFile FullDirectoryIndexSize=148
[2021.12.16-14.32.26:571][  0]LogShaderLibrary: Display: ShaderCodeLibraryPakFileMountedCallback: PakFile 'C:/Program Files/Epic Games/UE_4.27/FeaturePacks/FP_FirstPerson.upack' (chunk index -1, root 'root:/') mounted
[2021.12.16-14.32.26:571][  0]LogShaderLibrary: Display: ShaderCodeLibraryPakFileMountedCallback: pending pak file info (ChunkID:-1 Root:root:/ File:C:/Program Files/Epic Games/UE_4.27/FeaturePacks/FP_FirstPerson.upack)
[2021.12.16-14.32.26:571][  0]LogPakFile: OnPakFileMounted2Time == 0.000060
[2021.12.16-14.32.26:573][  0]LogPakFile: PakFile PrimaryIndexSize=189
[2021.12.16-14.32.26:573][  0]LogPakFile: PakFile PathHashIndexSize=101
[2021.12.16-14.32.26:573][  0]LogPakFile: PakFile FullDirectoryIndexSize=152
[2021.12.16-14.32.26:573][  0]LogShaderLibrary: Display: ShaderCodeLibraryPakFileMountedCallback: PakFile 'C:/Program Files/Epic Games/UE_4.27/FeaturePacks/FP_FirstPersonBP.upack' (chunk index -1, root 'root:/') mounted
[2021.12.16-14.32.26:573][  0]LogShaderLibrary: Display: ShaderCodeLibraryPakFileMountedCallback: pending pak file info (ChunkID:-1 Root:root:/ File:C:/Program Files/Epic Games/UE_4.27/FeaturePacks/FP_FirstPersonBP.upack)
[2021.12.16-14.32.26:573][  0]LogPakFile: OnPakFileMounted2Time == 0.000024
[2021.12.16-14.32.26:574][  0]LogPakFile: PakFile PrimaryIndexSize=191
[2021.12.16-14.32.26:574][  0]LogPakFile: PakFile PathHashIndexSize=101
[2021.12.16-14.32.26:574][  0]LogPakFile: PakFile FullDirectoryIndexSize=160
[2021.12.16-14.32.26:574][  0]LogShaderLibrary: Display: ShaderCodeLibraryPakFileMountedCallback: PakFile 'C:/Program Files/Epic Games/UE_4.27/FeaturePacks/MobileStarterContent.upack' (chunk index -1, root 'root:/') mounted
[2021.12.16-14.32.26:574][  0]LogShaderLibrary: Display: ShaderCodeLibraryPakFileMountedCallback: pending pak file info (ChunkID:-1 Root:root:/ File:C:/Program Files/Epic Games/UE_4.27/FeaturePacks/MobileStarterContent.upack)
[2021.12.16-14.32.26:574][  0]LogPakFile: OnPakFileMounted2Time == 0.000022
[2021.12.16-14.32.26:576][  0]LogPakFile: PakFile PrimaryIndexSize=185
[2021.12.16-14.32.26:576][  0]LogPakFile: PakFile PathHashIndexSize=101
[2021.12.16-14.32.26:576][  0]LogPakFile: PakFile FullDirectoryIndexSize=148
[2021.12.16-14.32.26:576][  0]LogShaderLibrary: Display: ShaderCodeLibraryPakFileMountedCallback: PakFile 'C:/Program Files/Epic Games/UE_4.27/FeaturePacks/StarterContent.upack' (chunk index -1, root 'root:/') mounted
[2021.12.16-14.32.26:576][  0]LogShaderLibrary: Display: ShaderCodeLibraryPakFileMountedCallback: pending pak file info (ChunkID:-1 Root:root:/ File:C:/Program Files/Epic Games/UE_4.27/FeaturePacks/StarterContent.upack)
[2021.12.16-14.32.26:576][  0]LogPakFile: OnPakFileMounted2Time == 0.000027
[2021.12.16-14.32.26:577][  0]LogPakFile: PakFile PrimaryIndexSize=190
[2021.12.16-14.32.26:577][  0]LogPakFile: PakFile PathHashIndexSize=101
[2021.12.16-14.32.26:577][  0]LogPakFile: PakFile FullDirectoryIndexSize=154
[2021.12.16-14.32.26:577][  0]LogShaderLibrary: Display: ShaderCodeLibraryPakFileMountedCallback: PakFile 'C:/Program Files/Epic Games/UE_4.27/FeaturePacks/TP_2DSideScroller.upack' (chunk index -1, root 'root:/') mounted
[2021.12.16-14.32.26:577][  0]LogShaderLibrary: Display: ShaderCodeLibraryPakFileMountedCallback: pending pak file info (ChunkID:-1 Root:root:/ File:C:/Program Files/Epic Games/UE_4.27/FeaturePacks/TP_2DSideScroller.upack)
[2021.12.16-14.32.26:577][  0]LogPakFile: OnPakFileMounted2Time == 0.000022
[2021.12.16-14.32.26:595][  0]LogPakFile: PakFile PrimaryIndexSize=192
[2021.12.16-14.32.26:595][  0]LogPakFile: PakFile PathHashIndexSize=101
[2021.12.16-14.32.26:595][  0]LogPakFile: PakFile FullDirectoryIndexSize=158
[2021.12.16-14.32.26:595][  0]LogShaderLibrary: Display: ShaderCodeLibraryPakFileMountedCallback: PakFile 'C:/Program Files/Epic Games/UE_4.27/FeaturePacks/TP_2DSideScrollerBP.upack' (chunk index -1, root 'root:/') mounted
[2021.12.16-14.32.26:595][  0]LogShaderLibrary: Display: ShaderCodeLibraryPakFileMountedCallback: pending pak file info (ChunkID:-1 Root:root:/ File:C:/Program Files/Epic Games/UE_4.27/FeaturePacks/TP_2DSideScrollerBP.upack)
[2021.12.16-14.32.26:595][  0]LogPakFile: OnPakFileMounted2Time == 0.000031
[2021.12.16-14.32.26:596][  0]LogPakFile: PakFile PrimaryIndexSize=182
[2021.12.16-14.32.26:596][  0]LogPakFile: PakFile PathHashIndexSize=101
[2021.12.16-14.32.26:596][  0]LogPakFile: PakFile FullDirectoryIndexSize=138
[2021.12.16-14.32.26:596][  0]LogShaderLibrary: Display: ShaderCodeLibraryPakFileMountedCallback: PakFile 'C:/Program Files/Epic Games/UE_4.27/FeaturePacks/TP_Flying.upack' (chunk index -1, root 'root:/') mounted
[2021.12.16-14.32.26:596][  0]LogShaderLibrary: Display: ShaderCodeLibraryPakFileMountedCallback: pending pak file info (ChunkID:-1 Root:root:/ File:C:/Program Files/Epic Games/UE_4.27/FeaturePacks/TP_Flying.upack)
[2021.12.16-14.32.26:596][  0]LogPakFile: OnPakFileMounted2Time == 0.000027
[2021.12.16-14.32.26:598][  0]LogPakFile: PakFile PrimaryIndexSize=184
[2021.12.16-14.32.26:598][  0]LogPakFile: PakFile PathHashIndexSize=101
[2021.12.16-14.32.26:598][  0]LogPakFile: PakFile FullDirectoryIndexSize=142
[2021.12.16-14.32.26:598][  0]LogShaderLibrary: Display: ShaderCodeLibraryPakFileMountedCallback: PakFile 'C:/Program Files/Epic Games/UE_4.27/FeaturePacks/TP_FlyingBP.upack' (chunk index -1, root 'root:/') mounted
[2021.12.16-14.32.26:598][  0]LogShaderLibrary: Display: ShaderCodeLibraryPakFileMountedCallback: pending pak file info (ChunkID:-1 Root:root:/ File:C:/Program Files/Epic Games/UE_4.27/FeaturePacks/TP_FlyingBP.upack)
[2021.12.16-14.32.26:598][  0]LogPakFile: OnPakFileMounted2Time == 0.000025
[2021.12.16-14.32.26:600][  0]LogPakFile: PakFile PrimaryIndexSize=188
[2021.12.16-14.32.26:600][  0]LogPakFile: PakFile PathHashIndexSize=101
[2021.12.16-14.32.26:600][  0]LogPakFile: PakFile FullDirectoryIndexSize=150
[2021.12.16-14.32.26:600][  0]LogShaderLibrary: Display: ShaderCodeLibraryPakFileMountedCallback: PakFile 'C:/Program Files/Epic Games/UE_4.27/FeaturePacks/TP_HandheldARBP.upack' (chunk index -1, root 'root:/') mounted
[2021.12.16-14.32.26:600][  0]LogShaderLibrary: Display: ShaderCodeLibraryPakFileMountedCallback: pending pak file info (ChunkID:-1 Root:root:/ File:C:/Program Files/Epic Games/UE_4.27/FeaturePacks/TP_HandheldARBP.upack)
[2021.12.16-14.32.26:600][  0]LogPakFile: OnPakFileMounted2Time == 0.000028
[2021.12.16-14.32.26:603][  0]LogPakFile: PakFile PrimaryIndexSize=182
[2021.12.16-14.32.26:603][  0]LogPakFile: PakFile PathHashIndexSize=101
[2021.12.16-14.32.26:603][  0]LogPakFile: PakFile FullDirectoryIndexSize=138
[2021.12.16-14.32.26:603][  0]LogShaderLibrary: Display: ShaderCodeLibraryPakFileMountedCallback: PakFile 'C:/Program Files/Epic Games/UE_4.27/FeaturePacks/TP_Puzzle.upack' (chunk index -1, root 'root:/') mounted
[2021.12.16-14.32.26:603][  0]LogShaderLibrary: Display: ShaderCodeLibraryPakFileMountedCallback: pending pak file info (ChunkID:-1 Root:root:/ File:C:/Program Files/Epic Games/UE_4.27/FeaturePacks/TP_Puzzle.upack)
[2021.12.16-14.32.26:603][  0]LogPakFile: OnPakFileMounted2Time == 0.000033
[2021.12.16-14.32.26:604][  0]LogPakFile: PakFile PrimaryIndexSize=184
[2021.12.16-14.32.26:604][  0]LogPakFile: PakFile PathHashIndexSize=101
[2021.12.16-14.32.26:604][  0]LogPakFile: PakFile FullDirectoryIndexSize=142
[2021.12.16-14.32.26:604][  0]LogShaderLibrary: Display: ShaderCodeLibraryPakFileMountedCallback: PakFile 'C:/Program Files/Epic Games/UE_4.27/FeaturePacks/TP_PuzzleBP.upack' (chunk index -1, root 'root:/') mounted
[2021.12.16-14.32.26:605][  0]LogShaderLibrary: Display: ShaderCodeLibraryPakFileMountedCallback: pending pak file info (ChunkID:-1 Root:root:/ File:C:/Program Files/Epic Games/UE_4.27/FeaturePacks/TP_PuzzleBP.upack)
[2021.12.16-14.32.26:605][  0]LogPakFile: OnPakFileMounted2Time == 0.000076
[2021.12.16-14.32.26:606][  0]LogPakFile: PakFile PrimaryIndexSize=183
[2021.12.16-14.32.26:606][  0]LogPakFile: PakFile PathHashIndexSize=101
[2021.12.16-14.32.26:606][  0]LogPakFile: PakFile FullDirectoryIndexSize=140
[2021.12.16-14.32.26:606][  0]LogShaderLibrary: Display: ShaderCodeLibraryPakFileMountedCallback: PakFile 'C:/Program Files/Epic Games/UE_4.27/FeaturePacks/TP_Rolling.upack' (chunk index -1, root 'root:/') mounted
[2021.12.16-14.32.26:606][  0]LogShaderLibrary: Display: ShaderCodeLibraryPakFileMountedCallback: pending pak file info (ChunkID:-1 Root:root:/ File:C:/Program Files/Epic Games/UE_4.27/FeaturePacks/TP_Rolling.upack)
[2021.12.16-14.32.26:606][  0]LogPakFile: OnPakFileMounted2Time == 0.000026
[2021.12.16-14.32.26:607][  0]LogPakFile: PakFile PrimaryIndexSize=185
[2021.12.16-14.32.26:607][  0]LogPakFile: PakFile PathHashIndexSize=101
[2021.12.16-14.32.26:607][  0]LogPakFile: PakFile FullDirectoryIndexSize=144
[2021.12.16-14.32.26:608][  0]LogShaderLibrary: Display: ShaderCodeLibraryPakFileMountedCallback: PakFile 'C:/Program Files/Epic Games/UE_4.27/FeaturePacks/TP_RollingBP.upack' (chunk index -1, root 'root:/') mounted
[2021.12.16-14.32.26:608][  0]LogShaderLibrary: Display: ShaderCodeLibraryPakFileMountedCallback: pending pak file info (ChunkID:-1 Root:root:/ File:C:/Program Files/Epic Games/UE_4.27/FeaturePacks/TP_RollingBP.upack)
[2021.12.16-14.32.26:608][  0]LogPakFile: OnPakFileMounted2Time == 0.000027
[2021.12.16-14.32.26:608][  0]LogPakFile: PakFile PrimaryIndexSize=188
[2021.12.16-14.32.26:608][  0]LogPakFile: PakFile PathHashIndexSize=101
[2021.12.16-14.32.26:608][  0]LogPakFile: PakFile FullDirectoryIndexSize=150
[2021.12.16-14.32.26:608][  0]LogShaderLibrary: Display: ShaderCodeLibraryPakFileMountedCallback: PakFile 'C:/Program Files/Epic Games/UE_4.27/FeaturePacks/TP_SideScroller.upack' (chunk index -1, root 'root:/') mounted
[2021.12.16-14.32.26:608][  0]LogShaderLibrary: Display: ShaderCodeLibraryPakFileMountedCallback: pending pak file info (ChunkID:-1 Root:root:/ File:C:/Program Files/Epic Games/UE_4.27/FeaturePacks/TP_SideScroller.upack)
[2021.12.16-14.32.26:608][  0]LogPakFile: OnPakFileMounted2Time == 0.000022
[2021.12.16-14.32.26:610][  0]LogPakFile: PakFile PrimaryIndexSize=190
[2021.12.16-14.32.26:610][  0]LogPakFile: PakFile PathHashIndexSize=101
[2021.12.16-14.32.26:610][  0]LogPakFile: PakFile FullDirectoryIndexSize=154
[2021.12.16-14.32.26:610][  0]LogShaderLibrary: Display: ShaderCodeLibraryPakFileMountedCallback: PakFile 'C:/Program Files/Epic Games/UE_4.27/FeaturePacks/TP_SideScrollerBP.upack' (chunk index -1, root 'root:/') mounted
[2021.12.16-14.32.26:610][  0]LogShaderLibrary: Display: ShaderCodeLibraryPakFileMountedCallback: pending pak file info (ChunkID:-1 Root:root:/ File:C:/Program Files/Epic Games/UE_4.27/FeaturePacks/TP_SideScrollerBP.upack)
[2021.12.16-14.32.26:610][  0]LogPakFile: OnPakFileMounted2Time == 0.000023
[2021.12.16-14.32.26:611][  0]LogPakFile: PakFile PrimaryIndexSize=187
[2021.12.16-14.32.26:611][  0]LogPakFile: PakFile PathHashIndexSize=101
[2021.12.16-14.32.26:611][  0]LogPakFile: PakFile FullDirectoryIndexSize=148
[2021.12.16-14.32.26:611][  0]LogShaderLibrary: Display: ShaderCodeLibraryPakFileMountedCallback: PakFile 'C:/Program Files/Epic Games/UE_4.27/FeaturePacks/TP_ThirdPerson.upack' (chunk index -1, root 'root:/') mounted
[2021.12.16-14.32.26:611][  0]LogShaderLibrary: Display: ShaderCodeLibraryPakFileMountedCallback: pending pak file info (ChunkID:-1 Root:root:/ File:C:/Program Files/Epic Games/UE_4.27/FeaturePacks/TP_ThirdPerson.upack)
[2021.12.16-14.32.26:611][  0]LogPakFile: OnPakFileMounted2Time == 0.000022
[2021.12.16-14.32.26:612][  0]LogPakFile: PakFile PrimaryIndexSize=189
[2021.12.16-14.32.26:612][  0]LogPakFile: PakFile PathHashIndexSize=101
[2021.12.16-14.32.26:612][  0]LogPakFile: PakFile FullDirectoryIndexSize=152
[2021.12.16-14.32.26:612][  0]LogShaderLibrary: Display: ShaderCodeLibraryPakFileMountedCallback: PakFile 'C:/Program Files/Epic Games/UE_4.27/FeaturePacks/TP_ThirdPersonBP.upack' (chunk index -1, root 'root:/') mounted
[2021.12.16-14.32.26:612][  0]LogShaderLibrary: Display: ShaderCodeLibraryPakFileMountedCallback: pending pak file info (ChunkID:-1 Root:root:/ File:C:/Program Files/Epic Games/UE_4.27/FeaturePacks/TP_ThirdPersonBP.upack)
[2021.12.16-14.32.26:612][  0]LogPakFile: OnPakFileMounted2Time == 0.000022
[2021.12.16-14.32.26:613][  0]LogPakFile: PakFile PrimaryIndexSize=183
[2021.12.16-14.32.26:613][  0]LogPakFile: PakFile PathHashIndexSize=101
[2021.12.16-14.32.26:613][  0]LogPakFile: PakFile FullDirectoryIndexSize=140
[2021.12.16-14.32.26:613][  0]LogShaderLibrary: Display: ShaderCodeLibraryPakFileMountedCallback: PakFile 'C:/Program Files/Epic Games/UE_4.27/FeaturePacks/TP_TopDown.upack' (chunk index -1, root 'root:/') mounted
[2021.12.16-14.32.26:613][  0]LogShaderLibrary: Display: ShaderCodeLibraryPakFileMountedCallback: pending pak file info (ChunkID:-1 Root:root:/ File:C:/Program Files/Epic Games/UE_4.27/FeaturePacks/TP_TopDown.upack)
[2021.12.16-14.32.26:613][  0]LogPakFile: OnPakFileMounted2Time == 0.000026
[2021.12.16-14.32.26:614][  0]LogPakFile: PakFile PrimaryIndexSize=185
[2021.12.16-14.32.26:614][  0]LogPakFile: PakFile PathHashIndexSize=101
[2021.12.16-14.32.26:614][  0]LogPakFile: PakFile FullDirectoryIndexSize=144
[2021.12.16-14.32.26:614][  0]LogShaderLibrary: Display: ShaderCodeLibraryPakFileMountedCallback: PakFile 'C:/Program Files/Epic Games/UE_4.27/FeaturePacks/TP_TopDownBP.upack' (chunk index -1, root 'root:/') mounted
[2021.12.16-14.32.26:614][  0]LogShaderLibrary: Display: ShaderCodeLibraryPakFileMountedCallback: pending pak file info (ChunkID:-1 Root:root:/ File:C:/Program Files/Epic Games/UE_4.27/FeaturePacks/TP_TopDownBP.upack)
[2021.12.16-14.32.26:614][  0]LogPakFile: OnPakFileMounted2Time == 0.000032
[2021.12.16-14.32.26:615][  0]LogPakFile: PakFile PrimaryIndexSize=185
[2021.12.16-14.32.26:615][  0]LogPakFile: PakFile PathHashIndexSize=101
[2021.12.16-14.32.26:615][  0]LogPakFile: PakFile FullDirectoryIndexSize=144
[2021.12.16-14.32.26:615][  0]LogShaderLibrary: Display: ShaderCodeLibraryPakFileMountedCallback: PakFile 'C:/Program Files/Epic Games/UE_4.27/FeaturePacks/TP_TwinStick.upack' (chunk index -1, root 'root:/') mounted
[2021.12.16-14.32.26:615][  0]LogShaderLibrary: Display: ShaderCodeLibraryPakFileMountedCallback: pending pak file info (ChunkID:-1 Root:root:/ File:C:/Program Files/Epic Games/UE_4.27/FeaturePacks/TP_TwinStick.upack)
[2021.12.16-14.32.26:615][  0]LogPakFile: OnPakFileMounted2Time == 0.000020
[2021.12.16-14.32.26:616][  0]LogPakFile: PakFile PrimaryIndexSize=187
[2021.12.16-14.32.26:616][  0]LogPakFile: PakFile PathHashIndexSize=101
[2021.12.16-14.32.26:616][  0]LogPakFile: PakFile FullDirectoryIndexSize=148
[2021.12.16-14.32.26:616][  0]LogShaderLibrary: Display: ShaderCodeLibraryPakFileMountedCallback: PakFile 'C:/Program Files/Epic Games/UE_4.27/FeaturePacks/TP_TwinStickBP.upack' (chunk index -1, root 'root:/') mounted
[2021.12.16-14.32.26:616][  0]LogShaderLibrary: Display: ShaderCodeLibraryPakFileMountedCallback: pending pak file info (ChunkID:-1 Root:root:/ File:C:/Program Files/Epic Games/UE_4.27/FeaturePacks/TP_TwinStickBP.upack)
[2021.12.16-14.32.26:616][  0]LogPakFile: OnPakFileMounted2Time == 0.000020
[2021.12.16-14.32.26:617][  0]LogPakFile: PakFile PrimaryIndexSize=183
[2021.12.16-14.32.26:617][  0]LogPakFile: PakFile PathHashIndexSize=101
[2021.12.16-14.32.26:617][  0]LogPakFile: PakFile FullDirectoryIndexSize=140
[2021.12.16-14.32.26:617][  0]LogShaderLibrary: Display: ShaderCodeLibraryPakFileMountedCallback: PakFile 'C:/Program Files/Epic Games/UE_4.27/FeaturePacks/TP_Vehicle.upack' (chunk index -1, root 'root:/') mounted
[2021.12.16-14.32.26:617][  0]LogShaderLibrary: Display: ShaderCodeLibraryPakFileMountedCallback: pending pak file info (ChunkID:-1 Root:root:/ File:C:/Program Files/Epic Games/UE_4.27/FeaturePacks/TP_Vehicle.upack)
[2021.12.16-14.32.26:617][  0]LogPakFile: OnPakFileMounted2Time == 0.000027
[2021.12.16-14.32.26:617][  0]LogPakFile: PakFile PrimaryIndexSize=186
[2021.12.16-14.32.26:617][  0]LogPakFile: PakFile PathHashIndexSize=101
[2021.12.16-14.32.26:617][  0]LogPakFile: PakFile FullDirectoryIndexSize=146
[2021.12.16-14.32.26:618][  0]LogShaderLibrary: Display: ShaderCodeLibraryPakFileMountedCallback: PakFile 'C:/Program Files/Epic Games/UE_4.27/FeaturePacks/TP_VehicleAdv.upack' (chunk index -1, root 'root:/') mounted
[2021.12.16-14.32.26:618][  0]LogShaderLibrary: Display: ShaderCodeLibraryPakFileMountedCallback: pending pak file info (ChunkID:-1 Root:root:/ File:C:/Program Files/Epic Games/UE_4.27/FeaturePacks/TP_VehicleAdv.upack)
[2021.12.16-14.32.26:618][  0]LogPakFile: OnPakFileMounted2Time == 0.000030
[2021.12.16-14.32.26:618][  0]LogPakFile: PakFile PrimaryIndexSize=188
[2021.12.16-14.32.26:618][  0]LogPakFile: PakFile PathHashIndexSize=101
[2021.12.16-14.32.26:618][  0]LogPakFile: PakFile FullDirectoryIndexSize=150
[2021.12.16-14.32.26:618][  0]LogShaderLibrary: Display: ShaderCodeLibraryPakFileMountedCallback: PakFile 'C:/Program Files/Epic Games/UE_4.27/FeaturePacks/TP_VehicleAdvBP.upack' (chunk index -1, root 'root:/') mounted
[2021.12.16-14.32.26:618][  0]LogShaderLibrary: Display: ShaderCodeLibraryPakFileMountedCallback: pending pak file info (ChunkID:-1 Root:root:/ File:C:/Program Files/Epic Games/UE_4.27/FeaturePacks/TP_VehicleAdvBP.upack)
[2021.12.16-14.32.26:618][  0]LogPakFile: OnPakFileMounted2Time == 0.000020
[2021.12.16-14.32.26:619][  0]LogPakFile: PakFile PrimaryIndexSize=185
[2021.12.16-14.32.26:619][  0]LogPakFile: PakFile PathHashIndexSize=101
[2021.12.16-14.32.26:619][  0]LogPakFile: PakFile FullDirectoryIndexSize=144
[2021.12.16-14.32.26:619][  0]LogShaderLibrary: Display: ShaderCodeLibraryPakFileMountedCallback: PakFile 'C:/Program Files/Epic Games/UE_4.27/FeaturePacks/TP_VehicleBP.upack' (chunk index -1, root 'root:/') mounted
[2021.12.16-14.32.26:619][  0]LogShaderLibrary: Display: ShaderCodeLibraryPakFileMountedCallback: pending pak file info (ChunkID:-1 Root:root:/ File:C:/Program Files/Epic Games/UE_4.27/FeaturePacks/TP_VehicleBP.upack)
[2021.12.16-14.32.26:619][  0]LogPakFile: OnPakFileMounted2Time == 0.000020
[2021.12.16-14.32.26:621][  0]LogPakFile: PakFile PrimaryIndexSize=192
[2021.12.16-14.32.26:621][  0]LogPakFile: PakFile PathHashIndexSize=101
[2021.12.16-14.32.26:621][  0]LogPakFile: PakFile FullDirectoryIndexSize=158
[2021.12.16-14.32.26:621][  0]LogShaderLibrary: Display: ShaderCodeLibraryPakFileMountedCallback: PakFile 'C:/Program Files/Epic Games/UE_4.27/FeaturePacks/TP_VirtualRealityBP.upack' (chunk index -1, root 'root:/') mounted
[2021.12.16-14.32.26:621][  0]LogShaderLibrary: Display: ShaderCodeLibraryPakFileMountedCallback: pending pak file info (ChunkID:-1 Root:root:/ File:C:/Program Files/Epic Games/UE_4.27/FeaturePacks/TP_VirtualRealityBP.upack)
[2021.12.16-14.32.26:621][  0]LogPakFile: OnPakFileMounted2Time == 0.000022
[2021.12.16-14.32.26:703][  0]LogNativeClassHierarchy: Verbose: Native class hierarchy updated for 'AddContentDialog' in 0.0002 seconds. Added 0 classes and 0 folders.
[2021.12.16-14.32.26:738][  0]LogSlate: Took 0.000147 seconds to synchronously load lazily loaded font '../../../Engine/Content/Slate/Fonts/Roboto-Regular.ttf' (155K)
[2021.12.16-14.32.26:740][  0]LogSlate: Took 0.000658 seconds to synchronously load lazily loaded font '../../../Engine/Content/Editor/Slate/Fonts/FontAwesome.ttf' (139K)
[2021.12.16-14.32.26:742][  0]LogSlate: Took 0.000074 seconds to synchronously load lazily loaded font '../../../Engine/Content/Slate/Fonts/Roboto-Bold.ttf' (160K)
[2021.12.16-14.32.26:744][  0]LogSlate: Took 0.000644 seconds to synchronously load lazily loaded font '../../../Engine/Content/Slate/Fonts/DroidSansMono.ttf' (77K)
[2021.12.16-14.32.26:845][  0]LogRenderer: Reallocating scene render targets to support 1688x572 Format 10 NumSamples 1 (Frame:1).
[2021.12.16-14.32.26:877][  0]LogSlate: Took 0.000648 seconds to synchronously load lazily loaded font '../../../Engine/Content/Slate/Fonts/Roboto-Light.ttf' (167K)
[2021.12.16-14.32.26:942][  0]LogNativeClassHierarchy: Verbose: Native class hierarchy updated for 'HierarchicalLODOutliner' in 0.0002 seconds. Added 0 classes and 0 folders.
[2021.12.16-14.32.26:942][  0]LogInput: Warning: Action Jump uses invalid key OculusGo_Left_Trigger_Click.
[2021.12.16-14.32.26:942][  0]LogInput: Warning: Action ResetVR uses invalid key OculusGo_Left_Trackpad_Click.
[2021.12.16-14.32.26:942][  0]LogInput: Warning: Use -RemoveInvalidKeys to remove instances of these keys from the action mapping.
[2021.12.16-14.32.26:942][  0]LogLoad: (Engine Initialization) Total time: 4.94 seconds
[2021.12.16-14.32.26:943][  0]LogLoad: (Engine Initialization) Total Blueprint compile time: 0.00 seconds
[2021.12.16-14.32.26:975][  0]LogAssetRegistry: Asset discovery search completed in 3.1306 seconds
[2021.12.16-14.32.26:979][  0]LogCollectionManager: Fixed up redirectors for 0 collections in 0.000004 seconds (updated 0 objects)
[2021.12.16-14.32.26:980][  0]LogContentStreaming: Texture pool size now 1000 MB
[2021.12.16-14.32.27:983][ 92]LogSlate: Took 0.000161 seconds to synchronously load lazily loaded font '../../../Engine/Content/Slate/Fonts/Roboto-Light.ttf' (167K)
[2021.12.16-14.33.20:872][475]LogEditorViewport: Clicking on Actor (LMB): StaticMeshActor (1M_Cube_Chamfer)
[2021.12.16-14.33.23:908][825]Cmd: TRANSACTION UNDO
[2021.12.16-14.33.23:908][825]LogEditorTransaction: Undo Move Actors
[2021.12.16-14.33.26:648][ 80]Cmd: TRANSACTION UNDO
[2021.12.16-14.33.26:648][ 80]LogEditorTransaction: Undo Move Actors
[2021.12.16-14.33.32:162][654]Cmd: DUPLICATE
[2021.12.16-14.33.32:162][654]Cmd: ACTOR DUPLICATE
[2021.12.16-14.33.41:837][786]LogUObjectHash: Compacting FUObjectHashTables data took   0.62ms
[2021.12.16-14.33.41:850][786]LogSavePackage: Moving '../../../../../../Users/game3/Documents/GitHub/UnrealLearning/UnrealBasicsTutorial/Saved/ThirdPersonExampleMapBEA0F90146E6C402AEAFD1AF0560A052.tmp' to '../../../../../../Users/game3/Documents/GitHub/UnrealLearning/UnrealBasicsTutorial/Content/ThirdPersonCPP/Maps/ThirdPersonExampleMap.umap'
[2021.12.16-14.33.41:932][786]LogSavePackage: Moving '../../../../../../Users/game3/Documents/GitHub/UnrealLearning/UnrealBasicsTutorial/Saved/ThirdPersonExampleMap_BuiltDataA6F210704967C53F27A76796A4E735F9.tmp' to '../../../../../../Users/game3/Documents/GitHub/UnrealLearning/UnrealBasicsTutorial/Content/ThirdPersonCPP/Maps/ThirdPersonExampleMap_BuiltData.uasset'
[2021.12.16-14.33.41:945][786]AssetCheck: New page: Asset Save: multiple assets
[2021.12.16-14.33.41:945][786]LogContentValidation: Display: Validating MapBuildDataRegistry /Game/ThirdPersonCPP/Maps/ThirdPersonExampleMap_BuiltData.ThirdPersonExampleMap_BuiltData
[2021.12.16-14.33.41:945][786]LogContentValidation: Display: Validating World /Game/ThirdPersonCPP/Maps/ThirdPersonExampleMap.ThirdPersonExampleMap
[2021.12.16-14.33.43:183][922]LogUObjectHash: Compacting FUObjectHashTables data took   0.23ms
[2021.12.16-14.33.43:195][922]LogSavePackage: Moving '../../../../../../Users/game3/Documents/GitHub/UnrealLearning/UnrealBasicsTutorial/Saved/ThirdPersonExampleMap7A425BE549D4EC388B85E192C21D09D0.tmp' to '../../../../../../Users/game3/Documents/GitHub/UnrealLearning/UnrealBasicsTutorial/Content/ThirdPersonCPP/Maps/ThirdPersonExampleMap.umap'
[2021.12.16-14.33.43:243][922]LogSavePackage: Moving '../../../../../../Users/game3/Documents/GitHub/UnrealLearning/UnrealBasicsTutorial/Saved/ThirdPersonExampleMap_BuiltData3FE612D940DD2527A06B59997C36DB22.tmp' to '../../../../../../Users/game3/Documents/GitHub/UnrealLearning/UnrealBasicsTutorial/Content/ThirdPersonCPP/Maps/ThirdPersonExampleMap_BuiltData.uasset'
[2021.12.16-14.33.43:254][922]AssetCheck: New page: Asset Save: multiple assets
[2021.12.16-14.33.43:254][922]LogContentValidation: Display: Validating MapBuildDataRegistry /Game/ThirdPersonCPP/Maps/ThirdPersonExampleMap_BuiltData.ThirdPersonExampleMap_BuiltData
[2021.12.16-14.33.43:254][922]LogContentValidation: Display: Validating World /Game/ThirdPersonCPP/Maps/ThirdPersonExampleMap.ThirdPersonExampleMap
